PocketMine-MP Crash Dump Mon Mar 27 22:37:58 UTC 2023

PocketMine-MP version: 4.18.1 [Protocol 575]
Git commit: cd603e82663937fa6660c78842a657acfbcc4bab
PHP version: 8.0.28
OS: Linux, linux

A PLUGIN WAS INVOLVED IN THIS CRASH
BAD PLUGIN: SpawnersCryztal

Error: Alias "looting" is already registered
File: pmsrc/src/utils/StringToTParser
Line: 51
Type: InvalidArgumentException
Backtrace:
#0 plugins/Spawners/src/Heisenburger69/BurgerSpawners/Main(60): pocketmine\utils\StringToTParser->register(string[7] looting, object Closure#31695)
#1 pmsrc/src/plugin/PluginBase(118): Heisenburger69\BurgerSpawners\Main->onEnable()
#2 pmsrc/src/plugin/PluginManager(454): pocketmine\plugin\PluginBase->onEnableStateChange(true)
#3 plugins/VegaReload_v1.0.0.phar/src/SVega9848/VegaReload/Commands/ReloadCommand(22): pocketmine\plugin\PluginManager->enablePlugin(object Heisenburger69\BurgerSpawners\Main#23176)
#4 pmsrc/src/command/SimpleCommandMap(205): SVega9848\VegaReload\Commands\ReloadCommand->execute(object pocketmine\player\Player#152508, string[6] reload, array[0])
#5 pmsrc/src/Server(1422): pocketmine\command\SimpleCommandMap->dispatch(object pocketmine\player\Player#152508, string[6] reload)
#6 pmsrc/src/player/Player(1462): pocketmine\Server->dispatchCommand(object pocketmine\player\Player#152508, string[6] reload)
#7 pmsrc/src/network/mcpe/handler/InGamePacketHandler(805): pocketmine\player\Player->chat(string[7] /reload)
#8 pmsrc/vendor/pocketmine/bedrock-protocol/src/CommandRequestPacket(55): pocketmine\network\mcpe\handler\InGamePacketHandler->handleCommandRequest(object pocketmine\network\mcpe\protocol\CommandRequestPacket#157996)
#9 pmsrc/src/network/mcpe/NetworkSession(445): pocketmine\network\mcpe\protocol\CommandRequestPacket->handle(object pocketmine\network\mcpe\handler\InGamePacketHandler#161995)
#10 pmsrc/src/network/mcpe/NetworkSession(389): pocketmine\network\mcpe\NetworkSession->handleDataPacket(object pocketmine\network\mcpe\protocol\CommandRequestPacket#157996, string[29] M./reload.]F4\.h.;\.........@)
#11 pmsrc/src/network/mcpe/raklib/RakLibInterface(197): pocketmine\network\mcpe\NetworkSession->handleEncoded(string[81] ..e./J..OLa.u3.....:f....w.....`?.Q.....N..>..8?..sJ...... .....&&...@~....{A4L.)
#12 pmsrc/vendor/pocketmine/raklib-ipc/src/RakLibToUserThreadMessageReceiver(42): pocketmine\network\mcpe\raklib\RakLibInterface->onPacketReceive(int 0, string[90] .|.!..M.'J..*..|-.'.t.oN..ND......1....P.Z......O`}o/....c~..S.-...r1y...F...3].)
#13 pmsrc/src/network/mcpe/raklib/RakLibInterface(121): raklib\server\ipc\RakLibToUserThreadMessageReceiver->handle(object pocketmine\network\mcpe\raklib\RakLibInterface#34738)
#14 pmsrc/vendor/pocketmine/snooze/src/SleeperHandler(123): pocketmine\network\mcpe\raklib\RakLibInterface->pocketmine\network\mcpe\raklib\{closure}()
#15 pmsrc/src/TimeTrackingSleeperHandler(58): pocketmine\snooze\SleeperHandler->processNotifications()
#16 pmsrc/vendor/pocketmine/snooze/src/SleeperHandler(82): pocketmine\TimeTrackingSleeperHandler->processNotifications()
#17 pmsrc/src/Server(1681): pocketmine\snooze\SleeperHandler->sleepUntil(float 1679956678.3274)
#18 pmsrc/src/Server(1061): pocketmine\Server->tickProcessor()
#19 pmsrc/src/PocketMine(339): pocketmine\Server->__construct(object BaseClassLoader#5, object pocketmine\utils\MainLogger#2, string[16] /home/container/, string[24] /home/container/plugins/)
#20 pmsrc/src/PocketMine(362): pocketmine\server()
#21 pmsrc(11): require(string[60] phar:///home/container/PocketMine-MP.phar/src/PocketMine.php)

Code:
[42] 	 * @var \Closure[]
[43] 	 * @phpstan-var array<string, \Closure(string $input) : T>
[44] 	 */
[45] 	private array $callbackMap = [];
[46] 
[47] 	/** @phpstan-param \Closure(string $input) : T $callback */
[48] 	public function register(string $alias, \Closure $callback) : void{
[49] 		$key = $this->reprocess($alias);
[50] 		if(isset($this->callbackMap[$key])){
[51] 			throw new \InvalidArgumentException("Alias \"$key\" is already registered");
[52] 		}
[53] 		$this->callbackMap[$key] = $callback;
[54] 	}
[55] 
[56] 	/** @phpstan-param \Closure(string $input) : T $callback */
[57] 	public function override(string $alias, \Closure $callback) : void{
[58] 		$this->callbackMap[$this->reprocess($alias)] = $callback;
[59] 	}
[60] 
[61] 	/**

Loaded plugins:
Accesorios 1.0.0 by fernanACM for API(s) 4.0.0
AdvanceDeaths 4.0.0 by  for API(s) 4.0.0
AdvancedFurnace 1.0.0 by Refaltor for API(s) 4.0.0
Anti-Cheat 1.0.0 by  for API(s) 4.0.0
AntiCombatLog 1.0.0 by Electro fixed by credit for API(s) 4.0.0
AntiDupeTiles 1.0.0-ACM by fernanACM for API(s) 4.0.0
AntiFrameEdit 5.0 by JonyGamesYT9 for API(s) 4.0.0
AntiToolbox 1.0.0 by Lunarelly for API(s) 4.0.0
AntiVoid 1.2.0 by FiberglassCivic for API(s) 4.0.0
Apuestas 0.1.0 by SVega for API(s) 3.2.0, 4.0.0
AuctionHouse 2.0.2-ACM by Shock95x, fernanACM for API(s) 4.0.0
AutoPickup 1.0.6 by tobias14 for API(s) 4.0.0
BCrates 1 by kk for API(s) 4.0.0
BKaos 0.1 by JuqnGOOD for API(s) 4.0.0
BankNotes 2.0.3 by AndreasHGK for API(s) 4.0.0
BetterItemID 1.1 by fernanACM for API(s) 4.0.0
BienvenueCMD 1.0.1 by  for API(s) 4.0.0
BlockSniper 4.0.0 by BlockHorizons, Sandertv (`@Sandertv`), Chris-Prime (`@PrimusLV`) for API(s) 4.0.0
BlocksConverter 3.0.0 by matcracker for API(s) 4.0.0-BETA12
Boss 1 by phuongaz for API(s) 4.0.0
BroadcastACM 1.0.0 by fernanACM for API(s) 4.0.0
CapesLocker 1.2.0 by Verre2OuiSki for API(s) 4.0.0
ChatCooldown 1.0.2 by Sergittos (@Sergittos) for API(s) 4.0.0
ChestShop 5.3.3 by  for API(s) 4.0.0
ChristmasACM 1.0.0-ACM by fernanACM for API(s) 4.0.0
ClearLagg_Popup 1.0.0 by Jason8831 for API(s) 4.0.0
CustomKB-by-SVega 0.1.0 by SVega for API(s) 3.2.0, 4.0.0
DEVirion 1.2.8 by poggit, SOFe for API(s) 4.0.0
DevTools 1.15.0 by PocketMine Team for API(s) 4.0.0
DeviceACM 2.0.0 by fernanACM for API(s) 4.0.0
DinoUI 2.0.0-REMAKE by AlvinMask, Angga7Togk, dhnz, Fred, KyzYT for API(s) 4.0.0
Drogas 1.0.0 by ItzAngelZzYT for API(s) 4.0.0
EasyEdit 2.1.1 by platz1de for API(s) 4.0.0
EasyKits 2.0.0-ACM-FIXED by AndreasHGK, fernanACM for API(s) 4.0.0
EcoAPIScore 1.1.0 by Ifera for API(s) 4.0.0
EconomyAPI 5.7.3-PM4 by onebone for API(s) 4.0.0
EconomyEnchant 1.0.0 by MulqiGaming64 for API(s) 4.0.0
EnderChest 1.2.0 by fernanACM for API(s) 4.0.0
FFA 1.0.3 by Laith98Dev for API(s) 4.0.0
FactionExtensionUI 1 by Darco23 for API(s) 4.0.0
Fireworks 0.0.4.1 by  for API(s) 4.0.0
FormAPI 1.4.0 by jojoe77777 for API(s) 4.0.0
FormsCryztal 1 by ItzAngelZzYT for API(s) 4.0.0
InvSee 2.0.1 by BlockHorizons for API(s) 4.0.0
JobUI 2.3.7 by hamid0740 for API(s) 4.0.0
JoinEffect 1.0.1 by ItzAngel for API(s) 4.0.0
LoadAllWorlds 1.1.3 by  for API(s) 4.0.0
MCPEToDiscord 2.2.1-Beta2 by JaxkDev for API(s) 4.0.0
MOTDShuffle 1.3.0 by HBIDamian for API(s) 4.0.0
MaxEnchants 1.2.4 by Xenophilicy for API(s) 4.0.0
Menu 1 by vxrq_ for API(s) 4.0.0
MultiWorld 1.7.0 by CzechPMDevs, VixikCZ, fuyutsuki, kaliiks for API(s) 4.0.0
Nexus 1.3 by remake itzangel for API(s) 4.0.0
Particulas 1.0.0-ACM by fernanACM for API(s) 4.0.0
Partner-Packages 1.0.0 by LegasyDevs for API(s) 4.0.0
Potsitas 0.1 by JuqnGOOD for API(s) 4.0.0
PreciseCpsCounter 0.0.1 by luca28pet for API(s) 4.0.0
PurePerms 2.0.0-ACM by fernanACM, 64FF00 for API(s) 4.0.0
PurePermsScore 1.1.0 by Ifera for API(s) 4.0.0
RankSystem 1.1.0 by IvanCraft623 for API(s) 4.4.0
RedeemCode 1.0-BETA by iJonyMx for API(s) 4.0.0
RenameItems 3.0 by Wertzui123 for API(s) 4.0.0
RepairUI 1.0.0 by fernanACM for API(s) 4.0.0
Restart 1.0.0 by qXoap for API(s) 4.0.0
Rewards 5.0 by Wertzui123 for API(s) 4.0.0
SacPl 1.0.0 by Zeyroz for API(s) 4.0.0
ScoreHud 7.0.1 by Ifera for API(s) 4.0.0
SellAll 1.3.0-PM4 by AndreasHGK for API(s) 4.0.0
SimpleFaction 1.6.8 by Ayzrix for API(s) 4.0.0
SimpleFactionScore 1.1.0 by Ifera for API(s) 4.0.0
SimpleNPC 4.0.1 by brokiem for API(s) 4.0.0
SimpleNPCParticles 2.0.0 by ItzAngelZzYT for API(s) 4.0.0
SimplePets 1.0.0-ACM by RemakeItzAngel for API(s) 4.0.0
SizeUI 1.0 by fernanACM for API(s) 4.0.0
SocialSpy 2.0.0 by superbobby2000 for API(s) 4.0.0
SpawnersCryztal 1.0.2 by Heisenburger69, AGTHARN for API(s) 4.0.0
StaffMode 1.0.0 by  for API(s) 4.0.0
Sudo 1.2 by ErikX for API(s) 4.0.0
TPAll-PM4 1.3 by fernanACM, matymare for API(s) 4.0.0
Texter 4.1.8 by yuko fuyutsuki, mfmfnek0, onebone, ogiwara, Shootsta_ERU0531, Toganon, ShadowArt, Marron0421, No4NaMe, iteplenky, SuperYYT, SuperAdam47, minijaham, VicoSilalahi, TobyDev265, IvanCraft623 for API(s) 4.10.0
TopMoneyNPC 1 by RhaxDev for API(s) 4.8.1
VanillaMapes 0.0.4 by Muqsit for API(s) 4.0.0
VegaReload 1.0.0 by SVega9848 for API(s) 4.0.0
Voting38 0.0.2 by  for API(s) 4.0.3
Wilderness 2.1.2 by  for API(s) 4.0.0
WordScrambler 1.0.0 by  for API(s) 4.0.0
WorldGuard 1.34-beta3 by MihaiChirculete for API(s) 4.0.0
WorldProtect 2.3.14 by aliuly for API(s) 4.0.0
cratemoney 0.0.1 by  for API(s) 4.0.0
minereset38 0.0.3 by  for API(s) 4.3.1
reportes 1.0.0 by ItzAngelZzYT for API(s) 4.0.0
theSpawn 1.7.0 by supercrafter333 for API(s) 4.0.0
warpJoin 1.0.0 by ItzAngelZzYT for API(s) 4.0.0

uname -a: Linux 59c83464-3940-448a-981f-28afc32b2c4e 5.10.0-11-amd64 #1 SMP Debian 5.10.92-1 (2022-01-18) x86_64
Zend version: 4.0.28
Composer libraries: 
- adhocore/json-comment 1.2.1@651023f9fe52e9efa2198cbaf6e481d1968e2377
- brick/math 0.10.2@459f2781e1a08d52ee56b0b1444086e038561e3f
- daverandom/callback-validator unknown@unknown
- fgrosse/phpasn1 v2.5.0@42060ed45344789fb9f21f9f1864fc47b9e3507b
- netresearch/jsonmapper v4.1.0@cfa81ea1d35294d64adb9c68aa4cb9e92400e53f
- pocketmine/bedrock-block-upgrade-schema 1.1.1@e0540343e649a92126a1d4071ec401a811416c76
- pocketmine/bedrock-data 2.1.1+bedrock-1.19.70@cba0567bcb25f987f2712092f8d662056719e82d
- pocketmine/bedrock-item-upgrade-schema 1.1.0@aab89a1f121a0c127557a4a0cf981330301c9c45
- pocketmine/bedrock-protocol 20.1.0+bedrock-1.19.70@91d67c8b1bced3c82d0841b1041c0c1f4e93eb68
- pocketmine/binaryutils 0.2.4@5ac7eea91afbad8dc498f5ce34ce6297d5e6ea9a
- pocketmine/callback-validator 1.0.3@64787469766bcaa7e5885242e85c23c25e8c55a2
- pocketmine/classloader 0.2.0@49ea303993efdfb39cd302e2156d50aa78209e78
- pocketmine/color 0.3.0@8cb346d0a21ad3287cc8d7175e4b643416607249
- pocketmine/errorhandler 0.6.0@dae214a04348b911e8219ebf125ff1c5589cc878
- pocketmine/locale-data 2.19.5@71af5f9bd23b4e4bad8920dac7f4fe08e5205f7d
- pocketmine/log 0.4.0@e6c912c0f9055c81d23108ec2d179b96f404c043
- pocketmine/log-pthreads 0.4.0@61f709e8cf36bcc24e4efe02acded680a1ce23cd
- pocketmine/math 0.4.3@47a243d320b01c8099d65309967934c188111549
- pocketmine/nbt 0.3.3@f4321be50df1a18b9f4e94d428a2e68a6e2ac2b4
- pocketmine/pocketmine-mp 4.18.1@cd603e82663937fa6660c78842a657acfbcc4bab
- pocketmine/raklib 0.14.6@aeca667d5ecc4cc18fded612f29e3511bbf62f42
- pocketmine/raklib-ipc 0.1.1@922a6444b0c6c7daaa5aa5a832107e1ec4738aed
- pocketmine/snooze 0.3.1@0ac8fc2a781c419a1f64ebca4d5835028f59e29b
- ramsey/collection 1.3.0@ad7475d1c9e70b190ecffc58f2d989416af339b4
- ramsey/uuid 4.7.3@433b2014e3979047db08a17a205f410ba3869cf2
- rhumsaa/uuid unknown@unknown
- symfony/filesystem v5.4.21@e75960b1bbfd2b8c9e483e0d74811d555ca3de9f
- symfony/polyfill-ctype v1.27.0@5bbc823adecdae860bb64756d639ecfec17b050a
- symfony/polyfill-mbstring v1.27.0@8ad114f6b39e2c98a8b0e3bd907732c207c2b534
- symfony/polyfill-php80 v1.27.0@7a6ff3f1959bb01aefccb463a0f2cd3d3d2fd936
- symfony/polyfill-php81 v1.27.0@707403074c8ea6e2edaf8794b0157a0bfa52157a
- webmozart/assert 1.11.0@11cb2199493b2f8a3b53e7f19068fc6aac760991
- webmozart/path-util 2.3.0@d939f7edc24c9a1bb9c0dee5cb05d8e859490725

----------------------REPORT THE DATA BELOW THIS LINE-----------------------

===BEGIN CRASH DUMP===
eNrtfYt2nMaW6K9wZK+JdEZ082oadK4zkiU5VmLZGkuOcxK87AKKbiIaMA9J7Uzm2+/eVQUU6NWy
28m9a9lO3FAUu/ar9qsK+GMjyooFqd5f0KKMs3Rjx9reqOIF3djR7anrTmx76owm7sQ09e2NOueX
DGM60o2pZjruZGI7juVsbySkrA6LIis2dv7YqJY5dNs4Si9IEod7xaxe0LQ6vAooQIBRtjcWtCzJ
DDvtJTEpFW8jybIqTmfehhKXCkkKSsKlUtBZXFa0oCHcE9VJ8ixO8KZ8Toqd8Xg8zxZ0HGRpReKU
FuOTLDin1TEcq8cnI+w0LotgXFdxUo5PqwLgn2VnJ6QoaQGXcwQqAC6w462doWMCUDd2JsCGqiAB
HP628UhT8qSexSn0z8klYFAyEM9pXNLUr4sZLWx3/JQdtD2OAddNW9vaUXKG7gIAex4b1vMG46rf
NxzYLNmV36bvFMGpbSXzf6dBpewnWVkX9JGp2+5kC1B9pCsdPRzD8Qn7eUpKuqnrDgzeR9Lz+lh6
HqKpfp+lhynxE7rJ4Bq3wT0mKUiz2LQm1oAu3s3zuvE7oKcVqej+nKQzulkVNWVjmC1Pf6Yz8pom
GQnfX+gjDf62Ej3Fay4ontRpvJ8tFiQNyzE/F6ebhnEnSgJ19XvKcOKNm4K1qzDpkWHqU5vhbkn8
Cfjw49N4kSdUIHNM8k1DmwBCLQWe15HgeQ0NntcjArC7okFd0QaxPj1kSQukB38f6RNjojnbilAY
+x3MIgS1rZCiIMvftHcM14mE6yktwABs6tY1XgkqQDEHZKjfh3GZkyqYfwFKDBG7p1TYf8xvA3zs
IT4c027wRshfiMNUwiGl1WVWnI8XQU7HoJxhAhgdpT+QBT0hCP45b9t0mCBvH1L9PpiTSpq4Y2lE
R4x4QdMwK8YdlLFPwwLO1LzIqizIEoaUoPM1/VjTsuJ4bE6G4wvUPQ9x9zyBvOfdgL36Pb/aB3wT
HwdAG7RaXe3hBGwGt8Fng3sbU1/yk1PwAeANNi3rHjruHrKhZAXc72LII93W3cZ+aiuiDh7wbtT7
/RtUD0hFhAzXxPBWrw33nXI8Epo2evfM8rzRfPQv+Lf5s8tJ1G8jsSDnSeyPX5PzF7F/lILvicDf
beru9HNIPUyDLKRhMwsc/Z0yGtHR+MfR6NULMqpNhtNOhP9esuMP/zX6b3bwcjT6fjRy/ms0Kn/k
qCvs3//4D6Tif/Hwjz3rxYjTY9w6oThBapxzYjlhZ9kb8K9nc4wzjnkw8poGNEY7aBl3U8oBgonu
swgdGxeKgLQZp5WitaJxNaD9f0b/GI2OR98BRf8cjf5HHX03qkYZkPrygNOo4z8no1/52asPf2Zj
PAiA3tORCkeFvoR/n8H/5jtBu/lQWRo6UNiQUTKb6nnAoIamO7jzgOl2C58emdbUdDjm1q1SK9Ms
+0S5e0oozWnR2F3dMD9TPivc80fAo6k/ecSjy27yDKLfMwj+zkGaA5wmzgAljj44rF4/QAFsOzD0
JYRwURwQDIdLMZT9Gbxwhqp6O453jj29IRqwHX1Foko8f5NCCLsZgd2pFCl5MI2pxcdwbhhDs/Vb
PHwVB+cnHOGsEFjKHqWL9TdN070FyPv3kBzA9KuD1tJiCLoP2Ur5AgwkmP1JG0ffEI5jfPcim0HM
98ho57EOscMw8+jsr3X9YhPQ8hhau4WIa7EOn5ci8hbmGoJ3nLngAeKCNkbVBsPysIyoa8Y0aGvj
3Z/bG/QrZ28PTbQAJc6493F6kSUXFLEACHEaAu1BtdFch7YmIt8vlp8qksAl9DpIjGXAZa9S/qns
XpBCASfK5/dv76CTZbYXgQ1lRVIVO7E4+f9w5m53twh2K4/jNK+rLWVHOfsegVgCyBhPJuwkL+IL
yG04JOVxQJLEhzkJcbPyRPnt3b+wpw098XfK7hj/U0IiJwVZ3DlwB1OM6/Bxaz+JAyWq0wBFpQyy
R+UxQXlJNHVwEOxFFod/IDSXQfOqx+d0CRg/ruZxibmosCCbHM4W0jHRRN842ozLEkIa0Vsi+jeE
825rC2FPdNHfq6p5kV0qKb1UMCK7Wds2vUbHPG8DweDvzUrmbXCEDDHAn3hiNpTcghRS1zSyu7k0
2b0TLqGJvQ4JTaY3SiiDKV7EIX2ghCbOHXTdIq3rtLotrbbGabX1htaNP79VOr5VOr5VOr5VOr5V
Or5VOr5VOr5VOr5VOr5VOr5VOr5VOv7/rnQ0VYMSqwN7AXA9K+KMnaVkwWoaXeP2RrswvsECc2gh
dTXPihLToogWKUn39o8RLMljbLNYNzjnUXa4sYMB//ZGCHoE4S50gWtlFlUHcsOCsDpGC9DzOiw8
jwsQayNwAN1OXp2evX31+sUBNF1Sv4wrxBsztr3wgqQBPaCkmvdo6rXLZFnXyPoiWjYO4jLIivBp
hgWaQ5BPtljunRzByVMe7ok2aDiFjvR5HW50DDgs4vOTA3oB9MsYw+kBaugDWBA+q4GXAb3OhPbK
PdJ9TSOSVFmxLuE28CC8qcsqWwg0+NxbiTKwO+r+HDgiE9U13k3PmqiIK7CMcxAIjNsMuxLmENP5
pAIbM0C+a79HHocJ2K4iU6L4ioaKv1SCgoZxtS7xCPCCsgapwemqxB7UOT2LE1oOiO3arxGroh35
68yLQGZVgp4VQMQhsrtPUNcuEzQZyu7HLF1iIlL++8xdFzUyTE5Qi8zgdFUiz7Is8bOrAYlN6z3q
+aJOCSQjyXJd9CUNQM8jgEbF0eCkCZx4Dec+8uZVlZfgMmdxNa/9UZAtxh2ygvSfszgc0M2a+kQb
Q6KfxT4tZhhk7McXcbAu0p8WaPbPCMZ2yfJpDMguOeGIVHf0GZTfBHrcwkNu5Jhzkt7MbZpkbmiQ
wAy4wUpdEg9MwbAv4kUz+AP8RM1qy8+zuuy5P7lZpgSQHBnXzc/pHLy1O0HFX5MlwjWl/YKU82fx
1fWAoCO5FCOD4nOc54gziL1PwQqMqLITiK7rvMeGtnE4o+0+A6rMj0mpW+vS6gYeklVlOcMBiZLw
eag2nzGQqqFp9lgCBLQ/BUZXPf/TtPSo7lN8fr4uWn+vP6ae59MKUtKAjet5T9lZi8W94nv6E+kF
5vx8MAcHfgaG/eHVq4M1k5GAPoJSgrSe4iHMjHwlAkh6DjloXwpt23AKmn1S9tIQTFX5/IefHkSM
HHPfZVVa6EBTg5J0uBJ5TJ5HFV0cHcgUys39Kab/dQGOjIXntdg8dIJ1KCLBMU0vaFrT/eMewXLz
0KboXyMIf0nAHZ6S5VuaAJIPSCG4+qZxTguZAKn17tyQd30OeemnLEUlOSUppKbVhbL5Ybc5/oCJ
/P68iEv1pIgXFK/hQV2++PnD1he6kOPlSZJVkrPoYdRMUEbLQxJndlu5n4Egi+o6c6QrMoPM6wxa
kCrAqhS9ljeqTw/P9nTjc2XeARZEdjg9QP5Z2TNGeHqHP8jndZbOyKd1zc8GHphUGBno4OPfj3YB
PQJSVjgRJfTl5r+xViPjIZ19qbnZJzktX2RMlzqi5dZ7ovOfaVFQ41Udn57H6yJbhul5EjK9k88g
vYcsUj8n1T6kOWF2mcrky81DmRuDCBZyk7iqslLZ3G2Pt9bFibKB6Hm4/BkIpIAPfRQfyogWU84F
CP5ZvCGzoGnr59zmIIT4MkN7V+1Oskr1xxLz7QBx4iHS6kaX+YhqQcr+tO41f7U6CeSuBcWFkXJj
tVneovUgEhNKihdkNnt/kuW9PGR45R779SMps9RxTH1t5ZMGIG41Eqis7kh4CfOnp6q/VHnaK1F2
7drfkTc3WOBqcvGAEOng8Oe4YKi2BLVNQ3vrDNxlNpuxatPpq2d0bT6TAfW8C4aC54W0OZLQElSd
nu29Pntzcp0meoEVI9n1t02DCP1a6a5bQVHOKFmsi6xmfCCjw+QOMm4wlB1m4xYGJzYOaN+kdG3D
rOsvDBNaJODw5y8NDg7iNHtzJJPIG67Rp74+PN776XCQXCYXuCGsPN/A8t9sRqZn2QxPwnn6CX6e
8U27Py0//ftsXZxox2wWQMDRpw+Yl0U261XlRMM9dvOo+gQE0uTXNVKShJ5H/DiJqyXgt8DlKX6G
aeZKAe0hKZeDanrb1JfgtaQ5T0j1SQ/XZ18EPM9rMOiOViXlp7gqB6SwpuvKCNqrPjv65fDg1mLH
+qqNd68+nsSz2ZIr4mEKAVxalRs310cacrqjL528gAVgxdY/ZbZJrQOrfE2rARx5WLjTrrZur1gi
YmMAzR1Wq09WaYQefZ085MB1OjLVk2OrT2KWUh/+X5eaC3CeRzkWAJPR1mG0KlFCW64T1ly4xyId
18nH+AeyiNOZbX1VFYeELMbHITou9MZu6ReID89X4gmWfFhCIvOja7wnQ/2a7rbDQhx/6ax99mxP
IhLPhpIelHBfEIDkOuD310VeB9HzAIHVJuRN638dZkgYYesqh1cVTZGaXlxxw8U7KkYHpAgyw1wX
vdcHX90GdfmdREzb1k9JtJH1dSq1g+pkO/5DcshnWbHoW9Kmpa9/1nB2/Z79ntEp/lnbekgLEWjh
SLQHq5LSPqXVp0d6eOtW7foawRwbe3WtOkovTqnstUXDMNTR76qbfx3l4pg8RLN+zPzeXOfnfVLM
0bRPyhzcR6hNLe1rrEu1wD2PIfPZFq4FNOZEMWrj9DCK8NlBmeS28e6lm1b5Nta2k+oTPhCUeN5Z
BnkDIvIQ2WHPvSR5mxVJKJu4fvswjjS/hpE7z1IIKLAA6nmIN0mSSzb86tPqeP/k8CwTmwclavrt
fc2E5Eh9SitiDCtlV+drdLk/kgAy1h4eDyDr1dnB6byOokQ2GXJrX0Dm0IQ/f3p0AJpM0nWR0wIE
Ijo0hhTdVkg6JldtsiTRI7UOA75BVP8LTbN8DslysLZ9UhJIJKNFpXeykrBoWstU4ekdzujiqvj4
fl1EMGCet4AxH2IEIJ6vYjbVZcS7xr40pkPt2v9Eg/nJMcwWZNDP8VV8vv8re9XWsq7K+jyG43OS
xPH52nxWgEPmixCGBHIRU2YqQFgy1g+19hIhYwkQcOglvaplXeXng1nX50pBF+ScKo19XhflbOTV
TccJKao4qJNezUtq/Js3kHaYPERf8a6UFio+PURmdEha79J9+y3pjJRLprprou6HgtLz5/vPPI8d
rURPVsFZX0RN09+wUSnP0OwhBishX9AgLul+Xu5nddrf9XD92jBhGhCU1AExnJxW69v+KgACQUNk
HjCL6oKeUIjwZdrathvrk7fNoe0N23r2TNPWReB7Dg7Ia/CRDr+0VtECGhYZBxe+ap2xo+b+MmMf
r9UF/Jqk56fLEgJoiUip8T4CL0i6X5CosgdFC+vBtbgbHmeRoeNTeg1W8vFKRNKQ0sW+eKdJQ2TX
ODCVbKdRn84Yd8sfX63Ni8OoJa6shqttFXxNEWm+PCJT0LUOtlX1sX9Li+pTHetfWlhqCycdJR1o
fBNBi89n550dvLFMHuNBTuKil2+3TX/N5qUV93RIXr5BEI5OvtQkvcZt7EXVI5+33EP9x18ykq9L
cxmwB5gXekmKsK+0vOXO513WpbC36SlDYT06ykCNkdZTEpzIVTl+fo9wfqXLIlvbBsFPDJrnpRer
i6i1uxLmnQ/qkJ/eUNJ5sHu735E1Y3dHKxFBk2Qv6XFftFwrEFxfKvvMreIrbg8XiLQHK5HDXqIi
qvcyUb32Pmn2cDvN3vJTEV+tz+RJ5DHIzbteBDoP0Dj5tmGAdcPFrxpk9Vm6gn5ew++hhL882b9G
L7YNt44PJptfZOcxXdsGIgEOn9XH1znIaDzUHgpQ4w6GTCvPdPvPct5w8Z6NRZ+9dCEx+A5uXH28
rK5Qh08Tkue0aPH62XioeE9odZ1U1rhCyeE1q52su1TeyZohA0lh2UhcIPZlImdAGAM+0V6AJhoG
hP91VRY+Pv/90vjrNAtikpzmS5m+tu0e9S1rUCo/8/2loa0vBW6HB8n2BniAzg5e/SjRdu2lkHdu
Fu+/AQ33xf1w9nzv9cu1Fd5XeMPaSgRXJIqO+6lg1/aXvAPg4xWLoeVR70e7DjMZYzwdrBUMHvcv
4vNf1vZwPwJDJQuz1Tl9dgLRDou2Ory7tjtLyHLVaEGq5YIUa9vJ1MDzvConGJetTA+96hf5REPf
b+vDMGxZn2eKvCKwiBZRSs9RtZpNWnA0iyGTwK3ep/MsqyCxe3/4+o02MTEKOMtmJGUB3+mchNnl
Hkv6jklRZKlmGdjlZWa9JMcICRAGk5yes1eEoFX4N3hMcbgXkoWF69GLOI1/J3OyYOsWQXYaJyQh
85gN5mNZ2LAncHJrfUf/jEfP4pRGSXYpBZK/5/haJR9k0TLI8zhbPzs7ayGNhXxQdFl+DHxe9kMv
ufWOharXc3I1XBB1Rvpnv8cEwP3KdiDBuGfZA5Lpn0kaJwk5xueEJDJ6zdf25Qw3z+HzJmubSuLp
lQuOwYyCKSbsFS2rL2l0L7WUSeoa78mf29djrs2n3vy+zdUIatTx8vJytMzqqvYp08ndH8mypD7R
LEYyey2r6cgEN01D+Rl3OCDzszccwFhwqS7O6dIEQi/E6Kur4ts4AXaktPc4pNQ43IRtfA0/2qjf
ZTvuQxTvbVaEp0FBFjCubNX77X9JQNC+O6c39uB0RZqS8Iea9PaASI0Dp2upPq3IwPcex3MS78/j
IqgTWn2h28Uqe1mBkd1HeLH84PFgHEatwFM+/gwPMIA8loA1PDopsqq/kanXPNzCpQ/MKEnien1v
quHQQI8RhZyjsMqOkptIr+MiimkSSm8FVJvXylUFpeMFwbdEj3vkAlfYSyYW6A0lnkiNdy9frmtZ
RLzpYlUrhNQVtKRVz5bKrUO0b9+/ZX6+Rx+aUwmB1WkpaJ4V/XddtE1/wzM6J3U5PycsCpvFwYM3
blVzylIziZq26Z5NNSyTDTDmpIVprm0BYAAWon+BT3e0CmEQpOe41VAirG36G8T0FsZeVSr4RQh8
7z6YRI7Q6Ia3PsI9qppm6mX8iRtfVQ3jEhFTSVqyx+Bps5uc6eo+K99uOBir4HwLSdU7T2L/apHI
LRmQUZa9pjzoAyk/JoC1KTd9AkDyuR9AIjeXWwICaU8IJMht8zo9Z+/oNJgFMEeY1QTFMq8y0YCh
SSA+2tHdVxc9BMNsga5A00xdN1zxPY44jTK5E7SxBFFqqXL5dBb2zha9i3NS9sjBDyWEzJN3bb+X
TLk65tILsPW+oETj7A4hy+JC0HCPJ2Z7Pn8BqHzrAkxL+0Ax8mCxBK6nOJw4Utq+pycv+tJKqx53
2A2x3HJy8Kp3R5i9Z52GjVzQvTvnfQnmWRlf9fjCdLbs9anYC4hLloBzkgsKIkQlnfFoqH1u+jVw
h4p1FQnofJH1pMELm78c9wiPZz574RlbYzd4VFBl5zSNP/XlPtB4OEX8rvW5LOKBwlxdCTXQxJOL
S8JA4W5d9F2f4pwvgrhMkX8FhVdenQQkmEtMhIn+e1y9X7AilwbsmedCVVHrWJKW9HZcSUYAZxYp
6fteScNhqPh1jPskDd20gRXl+xBy4p2IJCUYq+bd4xs7k+kEBsFHMzeC0NZM6hi2bbrmNCK2bWvB
1HEsg9iTKQkiPwgsn/gAu252X8dpfaVM3MAxLdtSTdfSVMtyiOo6eqQaDokC0/CNwKLKhNUgVF1X
ySK0LeWRrpwenygH1I9Jyq+6hqorm4ZmGKqmq7qzpVw59nsbxYafL5WtC2Wab7UaNc/f48uzOEJo
tPAkEScQaYFa0uI9zLaCFDH32iScZ7geNMZZquIHEfgXd3Abr75rT3TNMCM3ohODujQihu46gU8i
m1qOHuqu7VDDnGJxxi/i4HwszJuGhBi71sSNjKmjU51oTggg6MT2NV+3LEtzbKqZzsTWqRkxCwzC
A9sB4WDzuRKVfR0GU3OACBYxzS7TXfGLZmpWZGVJx0A1KVP8hsmFMZqMtF3L0GyNhtbEtKyp40Y+
IKEDDbpjW1FgTX2XmhNtihJMaYUxDymCOWPAgq2jICisiWm7QUQAe6KH5sRwLRAYCX03sB1CrADA
uIalaXTCCLjhGwfsFWJqnc8KmEZqCeq+IGI1UN+l2sTSTMuktuUS19ANG4axtKlOA0vTYVjd0u1g
at8MGthCmkeF/7NpZDNsClhDzj6xp37gG5PIdaYgA93QXCNyQts28JLugoaHN4PGp5tvRlrbJcR3
XKJHugESDXRjOoEpYcEhDKObpmZqeuAG1uRmyN18A6eE8K5h7uqhPQ0cX/cDGpoB4Kg5lu7rmqUH
MF5kUdekvu0M4DP7xhym8B/W7oQEU0qJq5PIJ6ETBpbrRJOAmlZAbcOdhhNqw2XSh3Sj6rGH/HZt
0KWpZbtT2/YDQqZ04jgTwzKoMwkMMzAm1AkmE/ZcggwQX5OZZMKMImqgny4lwCoXSInCyDfdIDQ1
gxr6xA4nGoB2QFh0OiAS+JYVjc/chUkItibUYEKS0DScaRA44VSfTqjl25YJqmNrU8Ny+zDY577E
ZyIYKBtAhQSGBhnCXY7v6jpoBqiHDzKeRJEONDkuAB+iA6oNkYukh2Dbd6fAbdA4PzRM3wJMgPGu
oYUgisiKqOaAFdEm0TQcgpoxZMCO7VI7cHUj0CJXm0wCMDGGqcN9gRHqU9d37cjSrABQvQZBldwp
B2Xr0RT46ASRCRILDECIAhIGCUIa2o5G9ABsVzBApjVgkFztWlNiWCbwV/NBsR3NdUN7YsKPPXVB
kXQHZqk+GXI59SshJ3M3skxD9+lECyOd6MBfVGErtMApGBTsiE0BH8O3+hCkNJiFW9yb7T7ANV37
QAQ3ytbI3iU0gDtxAkDvAIiIkB+6ERloF3Xd9yPbiCzjJij4mYnGz++6BowLptzXAjBUISFkgv85
QLE2pWjHpqZD6IDB/C37gkH6rkYCJwoMUHo9sHS0LbZFYYJZ4cQBK23ApHWp4SJNkAWUdIkToYuF
2OaYXRJOrekkBNtDp+BeXI0GURRMnMgIXceFyUAi03QZlwWQuo6565yimE3TNzTdoqY7dTVrGvqa
Q3SQPSirpWs+MR3bDSLkSDGvFyUhzf3XvVK5XERZuhxjqF2KLaobFxNQJwNs/nTi2oAgsDg0fAfQ
tRyTaoA9KFI4AY0nZkjdSIKTZ8kSYCVqE+1fgGeG9HN34vtgH02wLAHMYAfAwsSfggkB5QDyaaBP
fQ3MyU2wpNC6AeeQEDxOZIM5okbgOsTxNWr6oatNp6YRGNoU1BQ86k3gwAM7mgRrSuwoMiPdnbg+
TBxCoyDwLdskWmSArYO/RhS6pn0bLF2GhY/zmfBP4FCcLTQkkTN1Qel0UHnNj8jEwCOeNi4ySACr
MdhcWvAoRke3pevgCnXXtVwQdOQQEyihU0BQs0H5bAIGyoZZrfeA5GAJVHQqopwGltI13WhKQ7Al
AWiqD6GAFkJMEwCjQwccAQwAVnfCs9ZW5UdLFg0/UjDjVYIsjeJZXbAPVCioJkqUFUovnvXSR8rZ
HAITpaQVVrlLhRRUgZRfyVJawgGplICkaVYpPlXiNEhqmMRwoPDPKozA1UIgU0GQh7BOswXcGSGA
IcySRHRbyeBKUSJIxQcreq4ss7oQsJQ4UiAqj6OYjQDBIn6JMVki4Jf0sgU3hhSO1ElVKpdZ+l2l
YCiFH1asqwyMaoyudYkY4pfqON2Xc5oqPNIAACMv9dIG2I6XKsqjt3OKiClVBqNA0gAgxJcogAcQ
LZaYMob8MkOVeyUF+JnQivErZO/fUbjTw5YFQgaOB1RNCCZaM7qjsIQAL5TzusJXuKnic5c7irfB
P7eh4KdT8IODDLO9JMkulSQuEdvmm27KRUyU/65pscQ+H/GgKWPuKFgfYbfyr8OJexTAS8H4WwGJ
AVMQmr9UBCuxPy+wqO1lCdlHb2HGgEYAX0kYKhDJcvYjW/EDI8qCEvzaC4b0+PlEnyLSwBz6sSYJ
sm0WX0BfCHZqqmyKQRVD20LofESq8oKeCmzHL4XswGU29st64QNXQKv2ymUanJHyXMGn3EGPRqzD
G+AWU+2GUuw2L7I0q0F60L3cVljxWBFLcDAfthXMUgr+kSXGG5iP2LaoU/FNFw78lIkXPwmZA55X
MWgYBTYASUxz0xY55K1A6ChCXcU+qJPbSlx9B+yrCnZbSLGozFRmcLOyCTTUMG8MxhZGhioo3WGg
hrpKmHIUdYpPyKIGAt9zJgSWjZYjyPcuxLGyiGdzmMz4huxtefIJxUGOFEWdV7yVMwwZswDcBF1M
uDApWfIW8glB8KuRgPbNGKCOoM5BAhWDdo0kRYPOKu/UapqXLigMt+ST8ock80F7sLin8HaYB4u4
wrm9oDPiLyvguHLKWa0x5vJiHLv9DKV2GTPOM42CSXupckCNkpWMwigGFMEiAfYpgxUVlDZDciUH
adU4TZVZBoLC72oyrcCBZgxNlaG2o2hIBYzOTDCPFP+fpwCrpXfhPydF+GX4l1WWMxSE+WxREuBK
BcxHjt40bBHCURusdM2wBGLMCLxls0LgV363BgzZvGAoocVQghqcTwrOR+FfjETtzjjKfEais2p7
06uA0rDsKOKG69XZ4Y5y9vzoVHlxdHx0puydnLw4OjxVTg5fK29fvf7p8PW2Ap2Us1fQ61B5+/zV
i0Pl5PWr/cPT09HQBPT4YUxswY4TWsQZc8hoiEskEDJpZpIZN1pjqwPvISQImW1hXVRcT+JmloHa
z1KgEww0aBPSe5uycSW7nKNnBZ6gCeLdGGQOBExvZ8i5R2JjvEIfgn6e3TC63ht1QZT6QWw5DTAc
4JxFdLlc+b0tDaBeNC87Uk1N0Fpu3YySoNwUlM9I4cPMULuAnxmgm7nLphqiI+5SxF1guxckrVnw
IWMCgVkNOri13fiEoRI2asjdK3tZBKd30U3BkfKK23yu8BA9ZHUStrjE4EQuU6XDv+SAc4Y+EGrj
rsdUjPaMGYtrTpKpDofQ0hYV2aJxtvxu0UOVVVOWMFIjJHlNN5QbVKqnHadNwIgiK2AkVEOhyGG9
yHl0xUM4RVxQ8UIjrwPsJG5guDM0GwrgDNw8THZyA4PBaYPjgxEuQMnKsqZoGKo5SG3WRJtotHC0
DqvtRpA8RhBB5Yhjg11v5dOCXKls+aVscN8nObbGi3oBPhZfKYXAK/yoFApS4V9F5Vh0fMX5IljJ
Zsx1HYNgOxcYsQFVjIJrcLpWK7GDjF8a6jT7hnTawOedmynEYYmOMmUsclBZ0b2l7QBQYbEKhI/I
PcCOBxgcSs4+96jweziFHXVwm+CnWGkTI2PnLtpFBuKLZhu4d4O6Sw+9VHzTcEe4CAjN5lnCQ0wf
v5bLInGGMkRNoELCyTDbxjMfcZW7Fp+2wSZ3b49kKTWX0KwWy2rOPkmt6pIAmfDYwGrVICNcALPa
XRzLFrwwhAw55ZjLsEAfb4ZGgdZIeQ6xIOjSExbcKfsnb7bhXsDBh/l1GYeg9ixW4Nazha8y+DuK
3YTdXUReMu5IfUfKXgiGak6SaAypJE8TQgo6LIaCQRWsV6KCSROxc3sSMDkVObxCq4YhJklGCiLx
5iQ9aYLtLgHEXAKRwifQ8MY6T3NVnA+ym2Mx68r4E23liWF5I8YSHZ4ImSBs5+ohuVbLNfhNWyPl
RNyTENyBjRm0yESFLrARo4LMkASQCbCtzBMWsWB6uQDkcbKTAuW0n8TQi+fLBf9erXJ89oZhWgJJ
SLZfVwrm50yU3XA8uRg1tmZR1SretcOwlfNDmrIFXzbXIwULA2wfQEsm5L9RFAcjhXmpOcEgQIkX
wJsKZQfSAK4u0ExtM1xAaBcM6Tn7nkDJDTG4aMLMeclFykMJ6FsJHUVKKK8PCFMnsqmDVyxIOjg6
3XsK8RGLp+qU6RAa7BotJVsN5kFCjMoYpxdZcgEGUco3Ojq7uR5Sv57tNEnb94qOyZoIWedgrth1
RaToJS8q4GxOy4w7bzEjdATGsebQ9ucZJPE4C5tcjTbZOLPiWM5WSnLReAs4xJ1I7HvXeE1K4wEx
tuWBB22iJvN7Fqe8IMA49Z3yi59d4cwvlKMDZfOXN0cHWwp+1GEOOED/SxAbCiYGdw+TA3O4IhT8
4eEHzIask10Ks/2Xpy8a+CK/k1q+Y4PhuiQLHJh4RSjCaMuaCpFwo1eAn4rbPZ5kUcSGhWtxtFSv
6jjsBML4qfaLM2esusKnGlO1ivOAvwWKS6suRZUnwC9wcTMr7lH5PTuK2A6Aw3AXIsyjGAV9IL6S
pclRUrwtGbri7abXRUwv1dZB31QQ48zdW+BbJViSz9w9NybAsoa16NvROrJSCIgfj5lzhptfM1ct
3cwITylPvX3Kgfk0wrlf4i4dNpXmjZ4x1cLmvtPn5ONALfnXRiIF4B0qpNFYGK/BEn9bgOagSMM/
ZwQMKeOQm31EieADn99BlufLhMzQD0IPGnLvx05a78SqRUK+JAhoQlmwzzWUjZrE5zAEprrMmCQE
mDErsstqzk0RDEGUOYcm2SmYwGXFvSpDVkW2N6ipnQw4aUcHpUQXWloUHoem8JXklkxRNWoiFb4u
K/MZ4KmAImS67Vkc0PYYA/pOQF25aqfxUyOFDPVJGKVLErMsFZwEpHBcO/Isr5NmOogT9OOsj3AH
poEDsvQGSWcjoSdFiwSuXiQO2CIKdDsihMF6IkuaeTOPAMS3kQGRzvKGnTHDGafi6x0GTe2E7zeL
rRmSr4Z5rvKNnW3POQhzh6MyyheLfBRnDGMwYcsFJn0wRSusnwZlhzq6H3Fd6a4zEpj5IrNZQWei
VCjqirx8UomvQvfoY/iBDXl18Ao/K6wKY8/9PpqlS8ozCwKT95KNWDLEOwJY20gq5oP/bTlf57hx
jAvnGlNBoPy60DCIcHCDBfNRkh/Zx5o7lWt022D08zmBuULRYheIQxNvgieI8JspIC6wdyk6OX61
8UncI5BezU9si5GcaA2xNcQszGY2pkkAZFLm15sxrkmV0yWLtYoXnWcQXhaBYn/UenQEKEU0zzgg
K2aKm5rC9agbQFyRR2g4d63YCiYor1iNmKACYQ1eigZYBikmfgicTXksr+BqWtjUjkTfNi+IZ+Bl
GjcMsWxUs2o5zj1EFnAPMBJNlTmExizkaZ0qq6vKMDHmQyvK4/9NOpqNGJFwwm/aVg7Y53O2FVoF
oy0pNIrTvK5kVbktehGukesvn/dSZazBpIoroUVNDWwuGrm1L1r6G34pONkKTmEctYBwK0Jd8PUj
NLxNYYg7IYAnDHUTPUCESUqRdT7iYU0p0liWfvKIEWUZgogKSAAv2BoOvpMtbySrCCicgEd7Cio6
IMOaWSSOCQauj+GtLOrmUWurGVjHF0C2Gij8FGMSmNuhwqTHuIBpRYGuEjRmiAJ0DyCP4B8kbtZ+
hmt4MNlKmkQjUUPBQEZQRlIOiJeeYjY/fnsH+Re6TYj2NoGnlHtinO7sy8fNyKyPJy0u7mAN19vg
SCPDmjUlkn7H652PfCpGDre4CPCWHRiyQW2/4VAjUNF9mxe/ePjYsF/5N8gK2Q2mmQ0ZiXnYcomb
oBhdTw09NhsitvhoGJxus3ABdQplhl0bAhEF5D3uMoQcZMSUlMHB+3A21SWv5pXZgvK5fJ0pAhW8
BXiTFXxkT3wGHpv7Xbg6EB/9qPLbgLvvJBHiOlsnP1z/E1OMAdsst7jc4oppo1B5zFmglzDDMIA4
esevglUREmHpBty3rQzHxczpHFWnp9M8hoeMtkY7DwihmX3MihRYtWeoQewCSDZ9tpXHBjPEvOqP
1Vg0OxxPXA0kIdANqGQ5AHoHgysf2mYgm159UNTvlQ9wmZ2w+85BERD7Og5gxgDyZAniOMKaFI+I
sQOA8zY4QHbawRL3fVD+E45vvBX7ehsfWiR5eAdD4gkS/NhoRsWlbrQBmBD/XpeoywGFXhgyPzb+
0aDQQWHAweJBAJeGHCEGtd/conYXfNH7HwzVVnTsvZKtjLAazTaWLZVNmOtMWyQNgpAlTkqxirFs
JyTEbxfAonBLiPgxTCB0JI8fQ2r8+LHB5YcjyfJrBNi23yDAbenyB65PaSah+0Rhm8YkeoRmQR4y
A93DUHvGNhdIaphjkK+oyuZ8mUOYtaWwBxgYnTGkbVccXXySGaYRIFuhsqkcWdGKhTRlquEPRxj6
9Jp4FMcWp0oJX71ZCxFFOzE0t7KIAAD60HBbokqkj7hYdyVW9XtWn6+58leEKmEmWR+Ij2hDUDcL
2OTlqXCbLst7L/pOhi1cNA+icrdwQ+aqcGyYx8QaHSt444tP84SKtFvU4gjuA+fjsnZ+CBAxQLU0
nsV2I+4oz17snfHGnD0EtKMY/xKbM7cn7hV7Gm7bvArjotpmedK/RG2F726Qlwm4YJDb4P7FKh6p
RTyYQEARLHETRx1UddFkRE1ttGj3RbBwHwWckIDtOykbPqnNngqYb7yQ9ugZi/PZUKx/DwirRImW
91KLyio6Uqkl49U2Jv9SlJWDc/aqLFZChbSDf/GHT5NWTwCVCqTCshIennAqGXwVkGwTJdzwNBQq
7gw66US8z7YHsf0xXvroGPA5JoViTBVD3zHtHd1U3pztK4ZmQBa8yKrwST/o4HtVcB8N/qoYCT7R
XR2zyct5XFEVXRbWejATSyFlDdr6FgnmMcwbNo2eZLgXh1UoxKN9QNsT3YYxyZW4oXyCS5RMHdUo
wV0MHC6/jaTxAoiWAC0yn5/OCNb4Q/oEbucbcdoWBgBXVHHnBT/LL3J2VxhjuRO0ffkEVK9V3TZH
fdJUqdCjP+HvF27rVjRsL2Pg/+Tg8Nnemxeg8SLSZnt1nvB4VTQV4Bs5Bng0QkMDQMMn/2R/RAKI
Dpth1ys7PXG8VCqspa044vwJPs8Hf72UDTmSBSTJ7MJmjWaLTZxDE0Jq9iw9oZjrbvz5fwG3j/IK
===END CRASH DUMP===
