PocketMine-MP Crash Dump Sun Apr 9 04:23:57 UTC 2023

PocketMine-MP version: 4.18.2 [Protocol 575]
Git commit: 17a1266056e3aeaaf5e28db100137f05545ca549
PHP version: 8.0.28
OS: Linux, linux

THIS CRASH WAS CAUSED BY A PLUGIN

Error: Declaration of itz\Main::onEnable() must be compatible with pocketmine\plugin\PluginBase::onEnable(): void
File: plugins/corona/src/itz/Main
Line: 18
Type: E_COMPILE_ERROR
Backtrace:

Code:
[9] class Main extends PluginBase {
[10] 
[11]     // Define los comandos para cada opción
[12]     private $comandoMundos = "/warp";
[13]     private $comandoSubasta = "/ah";
[14]     private $comandoTrabajos = "/job";
[15]     private $comandoKit = "/kit";
[16]     private $comandoTienda = "/shop";
[17] 
[18]     public function onEnable() {
[19]         // Inicializa el plugin
[20]         $this->getLogger()->info("Plugin habilitado!");
[21]     }
[22] 
[23]     public function onCommand(CommandSender $sender, Command $command, string $label, array $args): bool {
[24]         // Verifica si el comando enviado es el tuyo
[25]         if($command->getName() === "mn") {
[26]             // Imprime el menú en la pantalla del jugador
[27]             $sender->sendMessage("===== MENÚ =====");
[28]             $sender->sendMessage("1. Mundos");

Loaded plugins:
AdvancedFurnace 1.0.0 by Refaltor for API(s) 4.0.0
AntiDupeTiles 1.0.0-ACM by fernanACM for API(s) 4.0.0
AntiFrameEdit 5.0 by JonyGamesYT9 for API(s) 4.0.0
AntiToolbox 1.0.0 by Lunarelly for API(s) 4.0.0
AntiVoid 1.2.0 by FiberglassCivic for API(s) 4.0.0
Apuestas 0.1.0 by SVega for API(s) 3.2.0, 4.0.0
AutoPickup 1.0.6 by tobias14 for API(s) 4.0.0
BCrates 1 by kk for API(s) 4.0.0
BankNotes 2.0.3 by AndreasHGK for API(s) 4.0.0
BetterItemID 1.1 by fernanACM for API(s) 4.0.0
BienvenueCMD 1.0.1 by  for API(s) 4.0.0
BroadcastACM 1.0.0 by fernanACM for API(s) 4.0.0
CPScounter 0.0.1 by  for API(s) 4.5.2
CapesLocker 1.2.0 by Verre2OuiSki for API(s) 4.0.0
ChatCooldown 1.0.2 by Sergittos (@Sergittos) for API(s) 4.0.0
ChristmasACM 1.0.0-ACM by fernanACM for API(s) 4.0.0
CustomKB-by-SVega 0.1.0 by SVega for API(s) 3.2.0, 4.0.0
DEVirion 1.2.8 by poggit, SOFe for API(s) 4.0.0
DevTools 1.15.0 by PocketMine Team for API(s) 4.0.0
DeviceACM 2.0.0 by fernanACM for API(s) 4.0.0
DinoUI 2.0.0-REMAKE by AlvinMask, Angga7Togk, dhnz, Fred, KyzYT for API(s) 4.0.0
EasyEdit 2.1.1 by platz1de for API(s) 4.0.0
EcoAPIScore 1.1.0 by Ifera for API(s) 4.0.0
EconomyAPI 5.7.3-PM4 by onebone for API(s) 4.0.0
EnderChest 1.2.0 by fernanACM for API(s) 4.0.0
FFA 1.0.3 by Laith98Dev for API(s) 4.0.0
Fireworks 0.0.4.1 by  for API(s) 4.0.0
FormAPI 1.4.0 by jojoe77777 for API(s) 4.0.0
JobUI 2.3.7 by hamid0740 for API(s) 4.0.0
LoadAllWorlds 1.1.3 by  for API(s) 4.0.0
MCPEToDiscord 2.2.1-Beta2 by JaxkDev for API(s) 4.0.0
MOTDShuffle 1.3.0 by HBIDamian for API(s) 4.0.0
MaxEnchants 1.2.4 by Xenophilicy for API(s) 4.0.0
Menu 1 by vxrq_ for API(s) 4.0.0
MultiWorld 1.7.0 by CzechPMDevs, VixikCZ, fuyutsuki, kaliiks for API(s) 4.0.0
PurePerms 2.0.0-ACM by fernanACM, 64FF00 for API(s) 4.0.0
PurePermsScore 1.1.0 by Ifera for API(s) 4.0.0
RenameItems 3.0 by Wertzui123 for API(s) 4.0.0
Restart 1.0.0 by qXoap for API(s) 4.0.0
Rewards 5.0 by Wertzui123 for API(s) 4.0.0
ScoreHud 7.0.1 by Ifera for API(s) 4.0.0
SellAll 1.3.0-PM4 by AndreasHGK for API(s) 4.0.0
SimpleNPC 4.0.1 by brokiem for API(s) 4.0.0
SizeUI 1.0 by fernanACM for API(s) 4.0.0
SocialSpy 2.0.0 by superbobby2000 for API(s) 4.0.0
Sudo 1.2 by ErikX for API(s) 4.0.0
TPAll-PM4 1.3 by fernanACM, matymare for API(s) 4.0.0
VegaReload 1.0.0 by SVega9848 for API(s) 4.0.0
Wilderness 2.1.2 by  for API(s) 4.0.0
WorldProtect 2.3.14 by aliuly for API(s) 4.0.0
minereset38 0.0.3 by  for API(s) 4.3.1

uname -a: Linux 59c83464-3940-448a-981f-28afc32b2c4e 5.10.0-11-amd64 #1 SMP Debian 5.10.92-1 (2022-01-18) x86_64
Zend version: 4.0.28
Composer libraries: 
- adhocore/json-comment 1.2.1@651023f9fe52e9efa2198cbaf6e481d1968e2377
- brick/math 0.10.2@459f2781e1a08d52ee56b0b1444086e038561e3f
- daverandom/callback-validator unknown@unknown
- fgrosse/phpasn1 v2.5.0@42060ed45344789fb9f21f9f1864fc47b9e3507b
- netresearch/jsonmapper v4.1.0@cfa81ea1d35294d64adb9c68aa4cb9e92400e53f
- pocketmine/bedrock-block-upgrade-schema 1.1.1@e0540343e649a92126a1d4071ec401a811416c76
- pocketmine/bedrock-data 2.1.1+bedrock-1.19.70@cba0567bcb25f987f2712092f8d662056719e82d
- pocketmine/bedrock-item-upgrade-schema 1.1.0@aab89a1f121a0c127557a4a0cf981330301c9c45
- pocketmine/bedrock-protocol 20.1.1+bedrock-1.19.70@455dbad93d29b4489b60910a41e38b8007b26563
- pocketmine/binaryutils 0.2.4@5ac7eea91afbad8dc498f5ce34ce6297d5e6ea9a
- pocketmine/callback-validator 1.0.3@64787469766bcaa7e5885242e85c23c25e8c55a2
- pocketmine/classloader 0.2.0@49ea303993efdfb39cd302e2156d50aa78209e78
- pocketmine/color 0.3.0@8cb346d0a21ad3287cc8d7175e4b643416607249
- pocketmine/errorhandler 0.6.0@dae214a04348b911e8219ebf125ff1c5589cc878
- pocketmine/locale-data 2.19.5@71af5f9bd23b4e4bad8920dac7f4fe08e5205f7d
- pocketmine/log 0.4.0@e6c912c0f9055c81d23108ec2d179b96f404c043
- pocketmine/log-pthreads 0.4.0@61f709e8cf36bcc24e4efe02acded680a1ce23cd
- pocketmine/math 0.4.3@47a243d320b01c8099d65309967934c188111549
- pocketmine/nbt 0.3.3@f4321be50df1a18b9f4e94d428a2e68a6e2ac2b4
- pocketmine/pocketmine-mp 4.18.2@17a1266056e3aeaaf5e28db100137f05545ca549
- pocketmine/raklib 0.14.6@aeca667d5ecc4cc18fded612f29e3511bbf62f42
- pocketmine/raklib-ipc 0.1.1@922a6444b0c6c7daaa5aa5a832107e1ec4738aed
- pocketmine/snooze 0.3.1@0ac8fc2a781c419a1f64ebca4d5835028f59e29b
- ramsey/collection 1.3.0@ad7475d1c9e70b190ecffc58f2d989416af339b4
- ramsey/uuid 4.7.3@433b2014e3979047db08a17a205f410ba3869cf2
- rhumsaa/uuid unknown@unknown
- symfony/filesystem v5.4.21@e75960b1bbfd2b8c9e483e0d74811d555ca3de9f
- symfony/polyfill-ctype v1.27.0@5bbc823adecdae860bb64756d639ecfec17b050a
- symfony/polyfill-mbstring v1.27.0@8ad114f6b39e2c98a8b0e3bd907732c207c2b534
- symfony/polyfill-php80 v1.27.0@7a6ff3f1959bb01aefccb463a0f2cd3d3d2fd936
- symfony/polyfill-php81 v1.27.0@707403074c8ea6e2edaf8794b0157a0bfa52157a
- webmozart/assert 1.11.0@11cb2199493b2f8a3b53e7f19068fc6aac760991
- webmozart/path-util 2.3.0@d939f7edc24c9a1bb9c0dee5cb05d8e859490725

----------------------REPORT THE DATA BELOW THIS LINE-----------------------

===BEGIN CRASH DUMP===
eNrNfQlX3Ea69l+pwT4n9r2o0daLmEMONuCJExP4DIkzd3qOU5JK3TLaogVoz5n//j1vVWlrsI0T
Mvc6S0ulqrfefdPif+1EeZny+v21KKs4z3b23d2dOk7Fzr41W1im5drOfOLZtrnAhaZQl8yJM/Ps
hWN5nmOZjmnPnd2dhFf1SVnm5c7+P/65uyPU4b926k2BJTsn74/OTs9fvzl5f/L27dnbnd2dVFQV
X9G1YxEkvOQ1EGB5xOL643J5yuNsfz/PTjLuJ+LZc5Y2Vc18wYI8LTAVg+wmrtesyIMrUadxJpbL
ImlWcbZcnsvfl7wSQxD77DqPQ+wcxQltq2ZXe0Fe5hnfq8pgD1vv0c6YlAAiuLD4966e+D7OrvPk
WqQiq7E6jEsR1DvtVYzgOMhDQUR7OAVNVcUIGhO3tcjCivV4sX9htmWqVZaFX4Y/e3vsWETYmCV5
RZTyLMRBAeawgIec5UUQLxvTjBxC0bL1uqKMr3kt2FO95LSR6w7YcmfvhpfFcuevNN35xPSLxofw
uJrP13q2+4nZlyX3+YcW/Ifc1/Onn5j/Q1yrqVdxrafOPgU6Bps0HtU6b/GeazYt2mWNn8QBi5os
UDrTa4lkq6fnaZa+zuIg5kn8kTORMC2u3R3bHEx7Wq/jyvh2Jeo3+WolymfPjW/jLMqfLXeU0Nia
+3ES1zzM/7LceU542a3Y/k0ntkLSdj6J5FGeEpXP9O8FaBUle1rJ312mhyUz6GCXVXUZZyv2NOG+
SHYZL0u+YU95uaqgy36eJ5Jc2x2T+7Mo4ygOOKtiolezlonsOub0W9Fo3WxyWjsdrI2jZ+3ekhM/
8pRYenBA8kgzUK32mw3WtCxOIcpUEGSYh9RQMDtjCYfyZjVPcBDi4odmBRxKgjLfgqL5YHxLv6fK
N4D7B/SHnZ78SEBJN+hPK4DFw2BYE6YsQq6DQdclD4TyU9oJkNG+CK95FojwVVNm8vq/djJO/u7O
ld2dzl8CuDkxMcKbep2XAPSPnbci4kkNMgGfFzENuXIW+UWpqeHOPqZUYncnFAW5BoVMlUf18XAg
5dKztACXyyN4wTzVeCgvSb4q54C4c352cfnu7O2bYwzdCL+Ka0KeCH6R1fFxU4hLeL5qSNho/A5Z
xouj0zFpkcDOGQ0/Fm0dxOWyxeahFL0qQcVJGNdbFPXjQ4qm22L6Ps82f8PM6u+X3qORMwSqKOqw
2Tp9KJWXMHQ/v92isR39giq+aTJeiiTZPBqBSQtxuYRlx7XCQ9GmkTpvXexn6VvXdVHt7+2tEMUb
fwLPs9djq2n/mQL2mPCfVQwfUm1vU/0q9kW5ovh7FF/HwaPR/rIUvF5f8iu45WTzMga2G0U5YdUf
/Q7S7wO918EjdhSNQJAeWW87NGSHObG22XHxs1jxARMczbE/xox296/wQk2dn8fBVVMMiegHt3V5
Niajzv2YV8hLHkucLUBoMpAoJBIQ4hChrxXjpQRp2KY52xsAAvEvj5DhjpxvOzIie0zy1dWjEfuh
+Q2ZsS/qWpSB3Hi5fCnPOjS+KMCXPLv6Md+iohsb0gEFmzhjWl5kIXS8+u5vP3wdTTsnQZ7l6ebF
+eudz6ljBx50tTgNDh9En+TH61qkr4+HJA6Hx0pq/QfD4xCN5bJD52tVtMeRKEbGfS2yRhydjige
Dm+b5ZjmxyL0Rw5XesE370QCLL8it3lZYkaAAoZIGpAwHP5ClPxzxTZAZHD2RyV3dH4R5E0GjRgQ
PRgcx4TPSW06sX83nf2GEF4hrgDgVZmvHi69I16I6g3V8CM6BqNfiPUod0phnzXxxVX8aOIbAkXS
3WMzOvkdIhxhS+SveX2ErCnMb7Ih/cPhbeW1t6I7Up24rlGQPzvsjp8/GiuqFuRyGQCrQGMFRoxx
/FpOdKgqNpRxVae8GtvwaPjPq06QL5biJi+vqp2HmXSH13L5BmR/WRMkjbJ0++Gl4W8MlZENCL1z
7X8lpWvRAIV5+RUu+Pjk57iUuHYUdUPb5rsYE1Lkq5WshS7OXolHU1oFdbm8ljgsl6FojwZ4abIu
Ll+8vfzp/C5R4prqmWGu0w1tJQF3Sstz2ZQ8pU7epeDpo9HVIgA6elQ+Q8c9dtejttfBUNTGgRib
Xz+2ndr9J+NnhwUOf/6jUfM4zvKfXg9pVAN3CDTenpy++OFkK4VNruPslFdXO1SerlZ8fpmv6CRc
Zx/x86oUVPv9sPn498tHY0W3adv9QejIHm6bJ7zabPVIuqEx1Xey2SLh9UcrfESz1ACXyxaF/uhB
tAQ5qgBkHOWwOzcc3TLMbUV9DWXgXxkcJODvGhLswyoRuQkI69H6Cmn1O4wIbAfHDa35xDHOT90x
jXkmfPz3aELT8JZLodAAUElcj9KXqaKu7NFaVCMt7Ae/kOL9qe6lR0Mf/1EX8+rViwGVdLaduWwV
xm84IHkL+LlHo68HuVwCg4fp330NuR41oqxLkwb0dWPbBYf7JxWKLxNEsO/yMv6YZwiEHQJfk4u9
yst0bGPtyFhW7rYqfsg/5GJOfx6vMdOBBDEKi+7gIbR8n/ujiKbOx67dmczHdKx5Gofm3DX/lF5M
B325lNj8bv3rAO0pqkAuCflFkrzLyyQcKuJ4fDsOOH+KKl7lWZytqCRaLok0niQ3cv+HO/zTo/OT
y/w4rhAnhq3u8fhYmgjVxktR861C8Ht+e/WYTuR7HiDnGCHyFXSdXR5frJsoSoahejg6FpGzbWnf
vXx9DOnz7NHo6SCCih6PbZI+VQ6c8tuTDBVwVg+1bji6HcW24vIvIsuLdZzEwePdjBnAJDo6XEYn
DxKXyJohWXT6mb709W352/tHo0JCWy5TbPo1Tvy0SepY2vsQ835wLI/5toIdfRTB+vwUFkMc+jm+
ja+O/oeeDmk2TV01VzGOr3gSx6ot8CiUBrRnkaIchYhSQlX6C4hriPbXeskBJXsDQGDReVOKc1Gm
Q5Xtx+4WPZ/pqOzuzNxXr0zz0XjxXsFbLjuEBod/NAnrAG0XC1sX/tx6oSfny+XCGLGHO9q3giij
uwFDIQ9HhzTecbPvRFl/bGLLdv6gYLsMqqesh71cDhD63dlAD29vSJ9kQlXzsh4xQI18ofP/2y85
Lx5NpSW0rxHdDS/DsdjUyGefW3g0kX1KUhKHx5GSBLVHxHZm0VM7sJSe3PmdexW/xwq/bG/t5v3R
Q0R2IZIEWeaQCD1yJ525W5n/3jugD7zrqTHpDh5ET5wWifjx/GhIUTc2pMm9Kxe/zK9i8XjdTQ1v
uayyIgAZAzy+Vgk1qL0ehiT2oxiVSnpgy0f8B5sPCgH1+0dD3kVOTzleFJshgd3YFzq4VVOI0s99
f2Objxjju/0h09EOD3eSF02YDymi061Me0zKSRlf/fJoFEhohH2YPxzny3OYn7T/HvF+bMtTfDrh
Snm9SXn5eK28FuByWRecPMVDCaK7TW+FmtZRNBj8QpSVd6u8hbt4PMVqIS6XPRoPLR5aS7q5uZls
8qZufCHN6fB7vqmEz02XaH4XJ4CViWoYoAeD281z+09pMaTNbxW1yW+6jb+mRJKFwHmZ1/So+oCK
4fB2p8jailoogZpHfH5QgQNBhEOhcHhIDX6P+ztt4jKKRRLu9S8BGO1T/XUpxF7Kq1qUeyN6wRaa
WIpK1M5iwJXh6HYz89P9IzDs9/eP4myFS015JTYOVHmAwUNtk15P4PRIKeiU4poM7vAZp+eTYs1J
VQwjy42b+COX3STDCOOKEDZ4VsnHJuQrCkSw1PYjWTTtLOhpA2JGyOvReRL7t2kyHMlBXVWNhopg
DKT6LQHWznDoIwANz/0ALmo9HAl4Qu8ElKOxdZNdNXWcVLYUjzOZ0mi5KepcD5AxBvrVk35dU44Q
DPOUdN40HcuyPf1iCD31P5yEMfmMzWCkLoanq3B0lo4urnk1IgdFCVEzWvKhkmrWM1dcQ6d9TYmp
2B2KKFFCMKn/R9HBV+8HDJemeVl3jwwQD9INuJ7RdvqIdXMvzt+MpZXVI+7IBfFw5Pz4bLQizN/L
SduDStCjleuxBIu8im9HfJE6W43m1GuktmQxsDJFcikgQlLSVaN42D4Z8RbcEfI9ixHQdZqPpKGy
wV9OR4THK18+bSurY1u5vzq/EhlyshHSWxqPU8LvzpybMt5SmNtbrQamvse64RIUdXLJsXyMC9V+
8KQi/w8Unp2dBzxYD5gIQ/8Q1+9T+YaRCfasC62qpHUCjoMPy5KREyDL4pV4P8zmrYVUEL+JqX9m
W44HVlTvQ3Hd+TDyznmQA+x0PsUmdBN5x5pzy57NzOlMOFxwHk2FvQh9yzQtZx6Z06k7DfjUJXNq
2tZ8nDW3bOoFC8eduYbjuabhugtueAsrMuwFjwLH9u3AFWw6sagPZVkGT8OZy55Y7OL0nB0LP+aZ
uurZhsWe2aZtG6ZlWIvn7HYxez8jsYEnI+8ipOa7nUati/d51SJETotOEn1CL5bllSjfw9pKXsbq
KVcernOqD/fISg16PUa9/kUNXutwNrVM24m8SExt4YmI25a3CHwezYS7sELLmy2E7czp5otfxsHV
nnZvJhFiH7pTL7LnC0tY3FyEACGmM9/0Ldd1zcVMmM5iOrOEE0kPDOHRizzpHlxi4vPgyrhGLIVn
pvfswOurLL/JDvUvualVmVeV2APVvMroXaVrezKdmIeubc5MEbpTx3XnCy/ygYQFGqzFzI0Cd+57
wpmacx8wMlFTPOJlsJYMSHlRSN2+dsnyDoOIA3tuhc7U9lwIjIe+F8wWnLsBwHi2a5piKgnoQ/Se
L8ISZ4ZPd/KMpliVMCOjgrqnXPfhrENhTl3TcR0xcz3u2dA5bOOac0sErmlhW8u1ZsF8dj9osIW3
DzX8dzsoLWwOrJHiTWdzP/DtaeQt5pCBZZueHS3C2cymS5YnFnZ4P2hYd3o/0uYh5/7C41Zk2ZBo
YNnz6XTOXRxiG8txTMe0Ai9wp/dD7u0NQelezN3pNPR56Dmh7fkwIc+fmZ5lchdasvAXJqRmz6Yz
Zwu+9G8yYOr44R5OeTAXgnsWjwBwEQaut4imgXDcQMxsbx5OxQyX+RjSvaonb2kfzqBLc3fmzWcz
P+B8LqaLxdR2bbGYBrYT2FOxCKZTec9qCJBe0khy7UYJNRDpCQ5WeZ4jojDyHS8IHdMWtjWdhVMT
oBcQlpgvtiDlSV62MfMQRghfE5owSB469mIeBItwbs2nwvVnrgPVmZlzW3qpAQz50uoaVpZodGYA
FXJsDRli1cL3LAuaAfXwIeNpFFmgaeEB+DY6UG1kLgM9hG8/nIPb0Dg/tB3fBSZgvGebIUQRuZEw
F/Ai5jSah9ugVhIZ+LFDMQs8yw7MyIOnDeBibMfCusAOrbnne7PINd0AqN6BYAzCqQI1s6I5+LgI
IgcSC2wgJICEzYNQhLOFya0AvivYQqZzYMh8D905t10H/DV9KPbC9LxwNnXwM5t7UCRrASu1pttc
zvxay8k5jFzHtnwxNcPI4hb4G7kCjsRFULAF/MhMAB/bd8cQBum+TLdUNDv8itA0AFbyK5WFwuTc
yeyQi4DPZmQAQeAGICIiflh2ZJNftCzfj2Z25Nr3QTHiImjj/KFn23wGV+6bARxVyDmf0r8LUGzO
BfmxubPgYovBVZbnH4VmkHVo8mARBTaU3gpci3zLzBUwMDecLuClbRitJ+AMKDviaSU2ZAh9LiQ7
kYc8nLvzaQjfI+YIL54pgigKpovIDr2FB2PgkeN4kssaSNPEKnTOScyO49um5QrHm3umOw99c8HB
bFJW1zJ97ixmXhARR8p1k1act+vvRqVqk0Z5ttmjVLvaoDqjFPx6CnWy4fPnU28GBMHi0PYXQNdd
OMIE9lCkcAqN504ovGgAp8iTDWAlRpvtXyMyz0Hz1PeDhe3AswSw4AXAwvDncCEzxwP5IrDmvgl3
ch+sQWrdglvwEBEnmsEdCTvwFnzhm8LxQ8+czx07sM051BQR9T5wiMALcwBrzmdR5ESWN/V8GA4X
URD47szhZmTD1+EfO4KPn30KljWERU9HOPhfsBBkLSLk0WLuQekshB7Tj/jUpiNVNqY5CsB6Dz5X
lCqLsShsWRZCoeV5rgdBRwvugBIxB4LmDMo343BQiDOeNQJSwBMYFFR03wCe0nO8aC5C+JIAmuoj
FTBD5DQBGB0uEAiwAbzuVFWtncpPNjIbfqLelQ/yLIpXjf4cAKkJi/KSjfLZZfaEXa6RmDDUyjUE
VTFeClavBcszUeGA1yzgWZbLTwbEWZA0MGIcYEGJRGqCUItEpkaSR7Au8lTQlwfquzArHoldluNK
WRFI5sOLXrFN3pQaFosjhqw8jmK5A5JF+jBAsiHAP4qbDtweSjjeJHXFbvLsm5pRKsVLRq+ewanG
FFo3hCG9ia7ovlmLjKlMAwAmy2yZtcD2lxljT96tBSHG6pzRG88MIPRL4+ABssWKSsZQXZaoqqjE
wM9E1JJfoXy6lqmgRyMpQQbHA2EknAqtldhnsiCgC9W6qemBf0N/vWGfLekFBIIdJMiew+WOxOxF
kuQ3LIkrwla/c1+x65iz/9eIckNzfqODtl2zD3wbucMT9S6/XsPojXjKvxkkBqYQNH/DNCtpvmq8
GN3lAbJP3sFioBHgKw9DhkxWsZ/YCoZfsVTwqinlFx0YmO4LQhrMEb81PCG2reJrzEWy0wj2TG/K
bPM5QVc7CqMUBapuA2ynDwfs47Lc+8cm9cEVaNWLapMFl7y6YvScGvRoIif8BG5J1W4ppWnrMs/y
BtLD9GqXySYZU9Ud2cOu/PwFCKEyTvIG9khjaZNBg2iKAn4hxQuaoGVlfhtDwwTYAJKk5mYdcsRb
jdDriHSV5pBO7rK4/gbsq0u5LBTUPJMqs7WYPQMNDezGlmyRZBia0n0JaltXuVSOssno6SnSQPC9
kEKQ1Wg1Qb13rY9ZGq/WMOYSFfTu0Pi04hBHyrIpajWqGEaMSYGbpksKF0Ypi7dQGQSnb4EA7fsx
IB0hnUMBRV8amQwUDZMNNanTtGWWCmy3UUb5tyT3oT3U82NqHHaQxjXZdipW3N/U4Di7UKw2JXNV
M04uvySp3cSS81KjYLQ3hgLUKlklKYxioAiPBOwzCSsqhWi3VEoOaTVkpmyVQ1A5mSlpBW20kmga
ErV9ZhIV2F26YJUp/p+ngJqon8N/zcvwj+Ff1XkhUdDus0NJg6sY3EdB0TTsEKJdW6ws03Y1YtIJ
vJNWofGrvnkEDKVdSJTIY7CgQfDJEHyYuBVBI51vrlBWFknBqpstbgMhwqqnSDmus8uTfXb53esL
9ub16etL9uL8/M3rkwt2fvKWvTt7+8PJ212GSezyDLNO2Lvvzt6csPO3Z0cnFxeTbRcw4oc9nWl2
nIsyzmVAJkdcEYGopKVLltzonK0F3iMlCKVvkVMMel1ZuVkJ6ijPQCccNLSJ6P2Usiklu1lTZAVP
yAWpaRKyAgLX2ztyFZHkHmcUQyjOywWTu7NJF/QtAIitEAGlA4qzhK6Sq1rb0QD1EkXVk+qYmtbq
+f0oacodTfmKlz4sw+gTfumA7ueuNDVCR69iehV8d8qzRiYfQ0yQmDXQwee7bUzYVsJWDVV4jZBQ
14retDfBCTtTPl8pPLKHvEnCDpcYQeQmYz3+lQJcSPRB6IzuFGd6t1fSWdwJklJ1FISOtqjM0zbY
qtV6hjFUzaGEiRotyTu6we5RqZF2XLQJI4msxE6khlqRwyYtVHalUjimLxh0oZXXMU3SCyTuEs2W
ApwhzMPY+T0MRtBG4MMO11CyqmpEpT6LVYlVm22S06Ldeqx2W0GqHEEnlROFDU39JJ9SfmvI2y9V
i/sRL2g0TpsUMVZ+0gjAa/peDgkScZpvWtfZ85XsRbNSWsxdHUOyXWiM5IYGZcENgq7bSew4V5e2
dVp9bqmFrya3JqRg6YlDymTmYMime0fbMVCRuQrSR+IesFMJhoJScKpJmFqjKOypwzLNT32nTe9M
k/tslxiYUBmg4X4e1Of0cJlloiaB7esQgdRsnScqxfR5HaxlJi5RRtYEFdJBRvo2Vfnoqyq06G+t
UbKpwtuToZTaS+RWy01NwHeZYQ0EKIUnNzbqFhkdAqTX7vNYecOLUshQUU61jEz0aTEGNVoT9h1y
QejSgUzu2NH5T7tYCxx82NdNHELtZa6gvGcH35Dw99msTbv7jLyS3BnMnbAXIRzVmifRHkpJVSaE
Ajqst8KmjPqVpGADQ+zD3gDYsBQ5uSWvRikmTyaMkPjpPDtvk+2+AKRagpCiB+doYVNkhaHPt6qb
U211VfxRdPKktLwVY0UBT6dMSNuVegxCq+vZatHzCTvXaxJeruQCritRrQtyx6jkKyIBMgHbqiKR
GQuVlymQJ2PnJcnpKIkxS9XLJYopUdXs9PIniWkFkohsv6kZ1edSlP12qriYtL4mrRuDVu1LbIf1
ocjkDV/9zUBqDCAXQsLakon6N4riYMJklFpzSgJYnII3NckO0pCfPoSb2pW4QGjXEuk1cQJeVzpi
hGgu3XmlRKpSCcyttY4SJUL1B7Sr09XU8ZlMko5fX7x4ifxI5lNNJnWIHHZDnlLeDVZJQkzKqL8w
GA7rjZ7O3tZD4Ter/bZo+5ZZVKzplHUNdyWvM12iV6qpQNacVbkK3toiLAKmsFbQjtY5iniywrZW
E201Lr04tbNZxa/baIFDeuKCrslW96CMB2J0vKuSNt2T+ZDHmWoISE59w37x81uy/JK9PmbPfvnp
9fFzyB1mDxww/wZiI8HECPcwDqrhylDzR6UfsIa8l10Ga//l5ZsWvq7vBiPfyM3ovqRMHKR4dSoi
acvbDpEOo7fAz6AHPw7yKJLbXtPn9TbGbROHvUAkP41xc+ZSdleUqamvbCoeqDeElLSaSnd5Avr8
k3Kzeo2h1uwz/TgAbaNCiHaPeheKgTxbdTVKRsuS7VC82866jsWN0QXo+xpiirkvUvqshyzyZbhX
zgQsa1lLsZ28o2yFQPx0LIMzFr+VoXqwWBKeCVV6+0IB80VEtl8V/EYqBemogi5Vi4bHQV+RTxt1
5N/ZiZfAO2S81Vjs12JJvx1AZ6tJI+9FkqlUcajcPqHE6eHab1Dl+UNCVhQHMUOEKvrJky46yW6R
li8PApEImewrDZW7JvEVtqBSVzqThIMZqzK/qdfKFWELztYK2sBPwYCrWkVViaxBbG9RM3oZKNJe
H1cDusjTkvAUNKbuJHdk6q5Rm6mo+7JDPgOeARRR6XZncSC6Y0roewH17ar9Nk5NGN/WJ+2Ubngs
q1QECZRwSjuKvGiS1hz0CcVxOUeHA8emDWV5Q6TLnSiSkkdCqNeFA43oBt2+TmGonyiLZjWsMgBo
f0AOPlv1njfsnRlZnEHfdt0a6gx+PKwfzRjEati5oR5g62auIcx9hcqkSNNiEucSY7iwTUpFH0y0
pv5pUPWoU/jR11l/XZIg3RdfrUqx0q1C3VdU7RP65OXVNn0SP/iQs+OzffDD0M5exX1ySzdCVRYc
xnsjd6wk4j0BcmwyaOYj/nacbwp6cEwJ5w5TIVB1XWsYMhx6wELGqEEcOaKeuxj26Hbh9Is1h60I
8tgl4dDmm4gEEX1iB+KCv8soyKmrbUxSEYGPen76sZhBEG2QWyNnkT6zdU0aoJSyut7ucUeqiq6h
WOs47SODjrIElOaT1lMgICmSe6YNZTNTL2ob15N+A31luEPLuTvNVrigomb6w66qBz/IBmQFqQ0/
BGczlcszupsWtr0jPberC+IVokwbhpHLRo3slpPtEbLAPaBMNGNrpMYy5emCquyrDmFSzkdeVOX/
z8RkNZFE4kQt2mXH8mtLu0zUweT5IDWKs6Kph6ryqexFh0alv8ruB52xFpM6rrUWtT2wtR5U3r7s
6G/5xcjYSkVhHHWA6FGEplT3j8jxto0hFYQATzvqNntAhskrXXU+UWlNpctYWX6qjJFkGUJEJQrA
a3kPB0covrVkmYaiCHjygpGiAxk5LDNxKjDo/hgtlVm3ylo7zaA+vgbyvIWiTikngW2HTEpPcoHK
ipJCJTRmGwVMpw96Y76/6e79bN/Dg7FVIokmuodCiYymjGcKkGo9xdI+/vFP1F8UNpHtPQNPhYrE
ZO7xreh3lnOWg5uL+9TDXe4opIlh7T0lnn2j+p1PfKF3Dp8rEdCSfWzZonbUcqgVqJ6+q5pfKn1s
2c/+DlkRu+Ga5ZaRtsOOS8oFxRR6Gsx41hLxXO1GyemuTBdIp0hmNLUlkFAg3tNThqhBJlJJJRxa
R9bUVKqbV+WpULZ8lykaFVoC3uSl2nmpv4ZMw+MpSh24T3GU/WOLu/8ciJDus/Xyo/t/2sTUp6+r
50pucS21Uas81SyYpd0wNtBH/1RX4VW0RGS5gXW7bHtfqpyuSHVGOq1yeFS0Dfl5IERu9qlsUlDX
XqKG3AVItnN22VNbOmLV9aduLLkdhSfdDeQh6AYqeQFA/8Tm7NduGGSL21+Z8S37FZfliVx3BUUg
7Js4gMUAeb6BOF5TT0plxDQB4JY7CqA87WHpdb+y/8bxvUtp7nLn1w5Jld5hSzohgp/a7a50q5t8
ABXEH+iT+qipBGZRyvzU/kuLQg9FAofHQwKXhQohCXU83KH2Ofh69l8kqp3oUk6Ca2VE3Wj5YNmG
PYOtS20ZaBBSljip9F2MTWeQyN+uwaLwuRbxUxgQBZKnT1EaP31qK/nRTkP5tQLsxu8R4O7g8q9K
n7J8gO4Bkw+NDejRmoU6ZAXdo1R7JR8uGKhhQUk+M9iz9aZAmvWc8ajWXZoYZdutQpfe0YEZAdma
lM1QyOpRaqSxuUk/CmHMGQ2pLE7enKoG+FrtvRDdtNNbKy9LCADQry23B1Tp8pFu1t3qu/ojr6/u
uZIoASrMB94H+ZFoCeqtQBqvKoW7cnn47MU4yMgbF6qsoHxP1PdWrkxhIyMm9ehkw5vehy8Soctu
3Yvj9By42leOq0NApATVNVUV2++4z169eXGpBgv5gsY+s/+qH87cnXq3cEeZ2HVuw7isd2Wd9Ffd
W1FPNwxvEyjBELcR/vVdPN7ofDBBQhFs6CGOJqibsq2I2t5o2T0XIdN9EnDCA/ncSdXyyWifqYC9
qUbak1cyz5dbyfkjILITpUfeD0YM2dEZtFpy1W2T8q90Wzm4km/4dn8rB/0VCRtlJp2eABX5NwDI
OzwT1X4iKiV8A0h2hRI98LQtVHoy6LwX8ZF8PEg+H7PMnpwCn1NeMnvObGvfme1bDvvp8ojZpo0q
OM3r8GCcdKhnVeg5Gvo1KBM8sDyLqsmbdVwLg0IW9XqoEstQsgZdf4sH61iov/6jOsjpWRzZodCv
MIG2A2uGPfmtXlAd0C1KqY5GlNBTDAquWsazOAXRA0Bp7qvTFacefygOsFw9iNONSAB0R5WevFBn
xXUhV4UxtTuh7ZsDqF6nul2NetB2qSiiH6jPTnR9KxF2lynxPzg+efXipzfQeJ1py2d1DlS+qodK
xEaFAR1NyNEAaHjwX/KPLgApYEvsRm2ng8UyGzTWsk4ccXFAL1vhn2Umt5wMBTSQ2fVMDjodNnGB
IYLUPrN0IKjW3fn3/wd5D7Qb
===END CRASH DUMP===
