PocketMine-MP Crash Dump Sun Apr 9 05:02:29 UTC 2023

PocketMine-MP version: 4.18.2 [Protocol 575]
Git commit: 17a1266056e3aeaaf5e28db100137f05545ca549
PHP version: 8.0.28
OS: Linux, linux

THIS CRASH WAS CAUSED BY A PLUGIN

Error: A void function must not return a value
File: plugins/menu shiro/src/ItzAngelzzYT/menu/Loader
Line: 40
Type: E_COMPILE_ERROR
Backtrace:

Code:
[31]             $this->getServer()->getCommandMap()->register(Settings::getInstance()->getCommandName(), $command);
[32] 			if(!$sender instanceof Player){
[33]                  $this->openWarp($sender);
[34]                  PluginUtils::PlaySound($sender, "bubble.downinside", 1, 1);
[35]             }else{
[36]                  $this->openWarp($sender);
[37]                  PluginUtils::PlaySound($sender, "bubble.downinside", 1, 1);
[38]             }
[39]         }
[40] 		return true;
[41] 	}
[42] }

Loaded plugins:
AdvancedFurnace 1.0.0 by Refaltor for API(s) 4.0.0
AntiDupeTiles 1.0.0-ACM by fernanACM for API(s) 4.0.0
AntiFrameEdit 5.0 by JonyGamesYT9 for API(s) 4.0.0
AntiToolbox 1.0.0 by Lunarelly for API(s) 4.0.0
AntiVoid 1.2.0 by FiberglassCivic for API(s) 4.0.0
Apuestas 0.1.0 by SVega for API(s) 3.2.0, 4.0.0
AutoPickup 1.0.6 by tobias14 for API(s) 4.0.0
BCrates 1 by kk for API(s) 4.0.0
BankNotes 2.0.3 by AndreasHGK for API(s) 4.0.0
BetterItemID 1.1 by fernanACM for API(s) 4.0.0
BienvenueCMD 1.0.1 by  for API(s) 4.0.0
BroadcastACM 1.0.0 by fernanACM for API(s) 4.0.0
CPScounter 0.0.1 by  for API(s) 4.5.2
CapesLocker 1.2.0 by Verre2OuiSki for API(s) 4.0.0
ChatCooldown 1.0.2 by Sergittos (@Sergittos) for API(s) 4.0.0
ChristmasACM 1.0.0-ACM by fernanACM for API(s) 4.0.0
CustomKB-by-SVega 0.1.0 by SVega for API(s) 3.2.0, 4.0.0
DEVirion 1.2.8 by poggit, SOFe for API(s) 4.0.0
DevTools 1.15.0 by PocketMine Team for API(s) 4.0.0
DeviceACM 2.0.0 by fernanACM for API(s) 4.0.0
DinoUI 2.0.0-REMAKE by AlvinMask, Angga7Togk, dhnz, Fred, KyzYT for API(s) 4.0.0
EasyEdit 2.1.1 by platz1de for API(s) 4.0.0
EcoAPIScore 1.1.0 by Ifera for API(s) 4.0.0
EconomyAPI 5.7.3-PM4 by onebone for API(s) 4.0.0
EnderChest 1.2.0 by fernanACM for API(s) 4.0.0
FFA 1.0.3 by Laith98Dev for API(s) 4.0.0
Fireworks 0.0.4.1 by  for API(s) 4.0.0
FormAPI 1.4.0 by jojoe77777 for API(s) 4.0.0
JobUI 2.3.7 by hamid0740 for API(s) 4.0.0
LoadAllWorlds 1.1.3 by  for API(s) 4.0.0
MCPEToDiscord 2.2.1-Beta2 by JaxkDev for API(s) 4.0.0
MOTDShuffle 1.3.0 by HBIDamian for API(s) 4.0.0
MaxEnchants 1.2.4 by Xenophilicy for API(s) 4.0.0
MultiWorld 1.7.0 by CzechPMDevs, VixikCZ, fuyutsuki, kaliiks for API(s) 4.0.0
PurePerms 2.0.0-ACM by fernanACM, 64FF00 for API(s) 4.0.0
PurePermsScore 1.1.0 by Ifera for API(s) 4.0.0
RenameItems 3.0 by Wertzui123 for API(s) 4.0.0
Restart 1.0.0 by qXoap for API(s) 4.0.0
Rewards 5.0 by Wertzui123 for API(s) 4.0.0
ScoreHud 7.0.1 by Ifera for API(s) 4.0.0
SellAll 1.3.0-PM4 by AndreasHGK for API(s) 4.0.0
SimpleNPC 4.0.1 by brokiem for API(s) 4.0.0
SimpleNPCParticles 2.0.0 by ItzAngelZzYT for API(s) 4.0.0
SizeUI 1.0 by fernanACM for API(s) 4.0.0
SocialSpy 2.0.0 by superbobby2000 for API(s) 4.0.0
Sudo 1.2 by ErikX for API(s) 4.0.0
TPAll-PM4 1.3 by fernanACM, matymare for API(s) 4.0.0
TopMoneyNPC 1 by RhaxDev for API(s) 4.8.1
VegaReload 1.0.0 by SVega9848 for API(s) 4.0.0
Voting38 0.0.2 by  for API(s) 4.0.3
Wilderness 2.1.2 by  for API(s) 4.0.0
WorldProtect 2.3.14 by aliuly for API(s) 4.0.0
cratemoney 0.0.1 by  for API(s) 4.0.0
minereset38 0.0.3 by  for API(s) 4.3.1

uname -a: Linux 59c83464-3940-448a-981f-28afc32b2c4e 5.10.0-11-amd64 #1 SMP Debian 5.10.92-1 (2022-01-18) x86_64
Zend version: 4.0.28
Composer libraries: 
- adhocore/json-comment 1.2.1@651023f9fe52e9efa2198cbaf6e481d1968e2377
- brick/math 0.10.2@459f2781e1a08d52ee56b0b1444086e038561e3f
- daverandom/callback-validator unknown@unknown
- fgrosse/phpasn1 v2.5.0@42060ed45344789fb9f21f9f1864fc47b9e3507b
- netresearch/jsonmapper v4.1.0@cfa81ea1d35294d64adb9c68aa4cb9e92400e53f
- pocketmine/bedrock-block-upgrade-schema 1.1.1@e0540343e649a92126a1d4071ec401a811416c76
- pocketmine/bedrock-data 2.1.1+bedrock-1.19.70@cba0567bcb25f987f2712092f8d662056719e82d
- pocketmine/bedrock-item-upgrade-schema 1.1.0@aab89a1f121a0c127557a4a0cf981330301c9c45
- pocketmine/bedrock-protocol 20.1.1+bedrock-1.19.70@455dbad93d29b4489b60910a41e38b8007b26563
- pocketmine/binaryutils 0.2.4@5ac7eea91afbad8dc498f5ce34ce6297d5e6ea9a
- pocketmine/callback-validator 1.0.3@64787469766bcaa7e5885242e85c23c25e8c55a2
- pocketmine/classloader 0.2.0@49ea303993efdfb39cd302e2156d50aa78209e78
- pocketmine/color 0.3.0@8cb346d0a21ad3287cc8d7175e4b643416607249
- pocketmine/errorhandler 0.6.0@dae214a04348b911e8219ebf125ff1c5589cc878
- pocketmine/locale-data 2.19.5@71af5f9bd23b4e4bad8920dac7f4fe08e5205f7d
- pocketmine/log 0.4.0@e6c912c0f9055c81d23108ec2d179b96f404c043
- pocketmine/log-pthreads 0.4.0@61f709e8cf36bcc24e4efe02acded680a1ce23cd
- pocketmine/math 0.4.3@47a243d320b01c8099d65309967934c188111549
- pocketmine/nbt 0.3.3@f4321be50df1a18b9f4e94d428a2e68a6e2ac2b4
- pocketmine/pocketmine-mp 4.18.2@17a1266056e3aeaaf5e28db100137f05545ca549
- pocketmine/raklib 0.14.6@aeca667d5ecc4cc18fded612f29e3511bbf62f42
- pocketmine/raklib-ipc 0.1.1@922a6444b0c6c7daaa5aa5a832107e1ec4738aed
- pocketmine/snooze 0.3.1@0ac8fc2a781c419a1f64ebca4d5835028f59e29b
- ramsey/collection 1.3.0@ad7475d1c9e70b190ecffc58f2d989416af339b4
- ramsey/uuid 4.7.3@433b2014e3979047db08a17a205f410ba3869cf2
- rhumsaa/uuid unknown@unknown
- symfony/filesystem v5.4.21@e75960b1bbfd2b8c9e483e0d74811d555ca3de9f
- symfony/polyfill-ctype v1.27.0@5bbc823adecdae860bb64756d639ecfec17b050a
- symfony/polyfill-mbstring v1.27.0@8ad114f6b39e2c98a8b0e3bd907732c207c2b534
- symfony/polyfill-php80 v1.27.0@7a6ff3f1959bb01aefccb463a0f2cd3d3d2fd936
- symfony/polyfill-php81 v1.27.0@707403074c8ea6e2edaf8794b0157a0bfa52157a
- webmozart/assert 1.11.0@11cb2199493b2f8a3b53e7f19068fc6aac760991
- webmozart/path-util 2.3.0@d939f7edc24c9a1bb9c0dee5cb05d8e859490725

----------------------REPORT THE DATA BELOW THIS LINE-----------------------

===BEGIN CRASH DUMP===
eNrNfQtT3Eba7l/pxa6K/X3MoNtcxBZbYMAbEhM4BsfZ3Uk5Lak1o6CRJroA46397+d5u1tSayA2
2HjPSbJrqdX99nu/qUf+91acF0tefbgWRZnk2daut71VJUuxtWuPp7Zlj0eePxyPRpOps71Vr9Qj
a+iOJ87EtXzHGftTf+KNt7dSXlbHRZEXW7v/+nV7S6jLf29V6xWWbB1/ODw7PT95c/zh+O3bs7db
21tLUZZ8Ts8O2HWeRCyus7ACEmxZlxXL8ooVoqqLjHF2zdNaYE2cpLRgldbzJCt3liKrWblIinyn
LMKdk+rjQTYX6ceP/7iUz3be5DwSBRamSYaFnvWfbb34Q5Jd5+m1wLQKEKOkEGG11TzFCK7DPBJE
gmvjnhn/PK8WSTn421xUF6IA6168lDeH+XLJs+iUr2igEPOkrPDwQlRVks3L3V3MOcnKimeh6C/5
iS8xss2eh+r+5V+xvetg21lF/ybxi788L0UGYliiIeQxO0/5WhQv/02T3Q0cTUTzlcje82L1QsNQ
4L37VpxL+t9VSQp8Cf5FXmdRs3CbzbaCOghSMYzymwyoJJGYbW0zG/8pqKMNqP8RaSkkhuNHYzj5
JhhONzGkQd8YpAHP0szXOlgVtaDVni3H5RSSz3+2oFJVwUOh9F6rJqnNQXRNcopeY718/u+tjC+l
wm882d5q7W/LHlpDCyO8rhZ5AUD/2norYp5WMCfA56uEhjw5i+ws46A12trFlFJsb0UCnIxKhUyZ
x9WRObDkUrcbgLPZIUwtX2o8ZrNTeg5rgdlg2vnZxeX7s7dvjjB0I4IyqQh5Ivggq5KjeiUuYY+l
SVhv/A5Zg4PD0z5pscDOGQ0/FW0txNmsweahFL0uQMVxlFQbFHXjJkWjTTH9kGfrv2Nm+Y9L/8nI
MYEqilpsNm4fSuVlnqdBfrtBYzP6GVV8U2e8EGm6fjIC0wbibMaBR6XwULRppJTFf46+RVWtyt2d
nXlSLepgCE+602Graf8ZcWaDcDnUp9rZpPp1EohijghXHibXSfhktL8qBK8Wl/wK4SFdv0qA7VpR
Tlh1V19A+n2gd1p4xI5VLRBIetbbDJnssIb2JjsufhZzbjDB1Rz7OmY0uz/CC9VVfp6EV/XKJKIb
3NTlcZ+MKg8SXtrek4mzAQhNBhIriQSEaCL0WDFeSpADx7LGOwYgEP/qsOBVz/k2Iz2y+yRfXT0Z
sb/Xf2SzWYDcRhSh3Hg2eyXvWjQ+K8BXPLv6Kd+goh0z6YCCDd0+LQdZBB0vv//7j4+jaes4zLN8
uT44P9n6lDq24EFXg5Nx+SD6JD9OKrE8OTJJNIf7Smr/F8OjicZs1qLzWBXtcCSKE5FdI/MWh6c9
is3hTbPs0/xUhP7E4Uov+Pq9SIHlI3KbVwVmhKhmiCSDBHP4M1Hy24rNQMS4+1rJHZ5fhEikoREG
0cZgPyZ8SmqjofPFdHYbQngrcQUAr4t8/nDpHfKVKN/k4VWfDmP0M7H+Z1Suwjmrk4ur5MnEZwJF
0t1h07v5AhH2sCXyFxw1ZZ5S7WPSbw5vKq+zEd2R6iRVlZfsxX57/fLJWFE2IGezEFiFGiswoo/j
YznRoqrYUKD2XvKyb8O94W9XnSBfLMRNXlyVWw8z6Rav2azrWHxW02Xp9uOrQbAeqIzMIPTOs/8n
KV2DBijMi0e44KPjn5NC4tpS1A5tmu+0T8gqn89lLXRx9lo8mdIqqLPZtcRhNotEc2Xgpcm6uDx4
e/nu/C5R4prqGTPXaYc2koA7peU5+YfqNMkEuxR8+WR0NQiAjg6VT9Bxj911qO20MBS1SSj65teN
baZ2/8342WKBy5+/NmoeJVn+7sSkUQ3cIXDw9vj04MfjjRQ2vU6yU15ebVF5Op/zyWU+p5tokX3E
H68LQbXfj+uP/7h8Mla0mzbdH4SO7OG2eczL9UaPpB3qU30nm12lvPpoR09olhrgbNag0F09iJYw
RxWAjKMwu3Pm6IZhbirqCZSBPzI4SMDf1yTYh1UichMQ1qH1CGl1O/QIbAb7Da3J0B2cn3p9GvNM
BPjfkwlNw5vNhEIDQCVxHUqfp4o6vYcLUfa0sBv8TIr3Td1Lh4a+/loX8/r1gUEl3W1mLhuF8RsO
SP4Ufu7J6OtAzmbA4GH6d19DrkONKGvTJIO+dmyz4PC+UaH4KkUE+z4vko95hkDYIvCYXOx1Xiz7
NtaM9GXlbari7/nvuZjQP0/XmGlBghiFRXvxEFp+yINeRFP3fdfuDid9OhZ8mUTWxLO+SS+mhT6b
SWy+WP9aQDuKKpBLQj5I0/d5kUamIvbHN+OA+01U8SrPkmxOJdFsRqTxNL2R+z/c4Z8enh9f5kdJ
iThhtrr7431pIlQPXomKbxSCP/Dbq6d0Ij/wEDlHD5FH0HV2eXSxqOM4NUO1OdoXkbtpad+/OjmC
9Hn2ZPS0EEFFh8cmSX9WDpzy2+MMFXBWmVpnjm5GsY24/IvI8tUiSZPw6V7GGDCJjhaX3s2DxFWn
VSJtxySuG+zTNtkU1uFHES7OT6F9tNvPyW1ydfhPev9fr+uqrK8SXF/xNElUif0ktIe052qJ0g7k
LglVaXsg3UT7sR7HoGTHAAQWndeFOBfF0hR/N3a3gPhEd2J7a+y9fm1ZT8aLDwrebNYiZFx+bULT
AtpMvDcefNvcuyPn86l3H7GHO623giijzropZHPUpPGOy3oviupjndiO+5WCbbORjrIO9mxmIPTF
kbWDt2PSJ5lQVryoegxQI5/pov/xS85XT6bSEtpjRHfDi6gvNjXyyTMATyayP5OUxOFppCRB7RCx
rVl01BqW0pE7udP3/xIr/Ly9NZt3Vw8R2YVIU2RsJhF65E5qcLfK/dK3iQ98g6gxaS8eRE+yXKXi
p/NDk6J2zKTJuyuXoMivEvF0nUINbzYrs1UIMgw8HquEGtROB8Mk9hyeIQn7x4ruefiZDmJzFPCf
j+6cGSz+BDtu/7ipbqn/e5Hy1UoULWI/Ow/3MRfJR9ErtfTAhl/8LzYvFALqz68N8xd5mPD0YrU2
CWzHPiO/sgZTgzwI1o71hHlNuz/0uLfDI4RWR7lJEd1uZOp9Uo6L5OqXJ6NAQiPso/zhOF+ew+VI
n9ch3o1teMc/TzKXvFovefF0rcAG4GxWrTh5xwcTlK9O80ys+87RHP3EIZi3C367WddO4T+/+DQl
4P1TtsawMXB4OBn00u2tUNNaKozBzyRI8qWdP/WmT2cfDcTZrEPjoY2wxiHc3NwM13ld1YGQXmH/
B74uRcAtT9Kc02FoOoTbUdwMbbb8nE90Wdwv77JgMzyqiyuxdkHptd7+4XJ7n6TgRyZKM0gZg5vv
QZxv0i1a1n+U9Mbjpt34MS1LWYeeF3lF594NKszhzaafvZE0oQKvn/AoqAIHggiHlcLhIe2UeyLR
aZ0UcSLSaGcl308uk0wMmp8NVIUQO0tOh/N3evSCLfIo25K8iMEUY/Dhx2C+qhehD9Q9VCGJvEKU
ourZlTm6ifefNzDdr3CFm6ZlYPBQYugXGpzONEM6UsmGxivmwen5cLXgpOCDQZYPbpKPXLYzB4Mo
KQnhAc9KeW5H3FYiI4KljR7KTsPWlJwKMSPiVe8+TYLbZWqO0C8SyrI3tAr7QMo/UmDtmkMfAci8
D0LEuIU5EvIUbAMJ5tiizq5q+kWDI8XjDkc0WqxXVa4HyIWE+rc03bq66CEY5UuyVMtybdvx9e9l
kizOzUkYk4e8jJFqZd7Oo97dsvdwwcseOfRblIhkYIz9Xko165grrmGJgabEUuyORJwqIVjUgKb0
IiirAgpkLl3mRdWeWSEeLNfgekbb6SvWzr04f9OXVlb1uCMXJObI+dFZb0WUf5CTNgeVoHsrF30J
rvIyue3xReps2ZtTLVAPksXAyhTJhYAISUnnteJhczTnLbgj5K+hekAXy7wnDVWr/HLaIzyZB/K4
t2wpOcppV/mVyJDU95De0HjcEn535twUyYbC3N5qNbD0S/41l6DoVQI5lo/JSvXsfKnI/4TCs7Pz
kIcLg4kw9N+T6sNS/sjKAnsWK62qpHUCjoObtXzPCZBl8VJ8MEtgeyoVJKgTajo7tuuDFeWHCJle
48MopuRhDrCjyQib0CmGLXvCbWc8tkZj4XLBeTwSzjQKbMuy3UlsjUbeKOQjj8ypbt4NJVl9y0Z+
OHW9sTdwfc8aeN6UD/ypHQ+cKY9D1wmc0BNsNLSpeWvbA76Mxh57ZrOL03N2JIKEZ+qp7wxs9sKx
HGdg2QN7+pLdTscfxiQ28KTnXYTUfK/VqMXqQ142CJHToptU3yAOQi1F8QHWVvAiUSU1jxY5NVV2
yEoH9Hsz9Qs4esNg749HtuW4sR+LkSN8EXPH9qdhwOOx8KZ2ZPvjqXDcCb39C4okvNrR7s0iQpx9
b+THzmRqC5tb0wggxGgcWIHteZ41HQvLnY7GtnBj6YEhPPgOBGu4xDTg4dXgGhkAPDP9cBC8vsry
m2xf/0lual7kZSl2QDUvM/od1rUzHA2tfc+xxpaIvJHreZOpHwdAwgYN9nTsxaE3CXzhjqxJABiZ
qCge8SJcSAYsZfVOoDyyvP0w5sCe25E7cnwPAuNR4IfjKedeCDC+41mWGEkCusRiJxBRgbtBQK+S
B/VqXsCMBiXUfcl189reF9bIs1zPFWPP574DncM2njWxRehZNra1PXscTsb3gwZbeHOq5n+bQWlh
E2CN5Ho0ngRh4IxifzqBDGzH8p14Go3HDj2yfTF1ovtBw7qX9yNt7XMeTH1ux7YDiYa2MxmNJtzD
JbaxXddyLTv0Q290P+TO3hCU7sXcG42igEe+Gzl+ABPyg7Hl2xb3oCXTYGpBas54NHY34Ev/JgOm
jh/e/oiHEyG4b/MYAKdR6PnTeBQK1wvF2PEn0UiM8Zj3Id2revJMxf4YujTxxv5kPA5CzidiNJ2O
HM8R01HouKEzEtNwNJIvTU2A9CuhNNdulFADkb7gYJXvuyKO4sD1w8i1HOHYo3E0sgB6CmGJyXQD
Up7mRRMz92GE8DWRBYPkketMJ2E4jSb2ZCS8YOy5UJ2xNXGklzJgyF/hLmBlqUZnDFARx9aQIVZN
A9+2oRlQjwAyHsWxDZqmPoBvogPVRuZi6CF8+/4E3IbGBZHjBh4wAeN9x4ogitiLhTWFF7FG8STa
BDWXyMCP7Ytx6NtOaMU+PG0IF+O4NtaFTmRP/MAfx57lhUD1DoSBEU4VqLEdT8DHaRi7kFjoACEB
JBweRiIaTy1uh/Bd4QYyrQND5rvvTbjjueCvFUCxp5bvR+ORiz/GEx+KZE9hpfZok8tZUGk5ufux
5zp2IEZWFNvcBn9jT8CReAgKjoAfGQvg4wReH4JRpMh0S0Wz/UeEJgNYwa9UFgqT84bjfS5CPh6T
AYShF4KImPhhO7FDftG2gyAeO7Hn3AdlkKzCJs7v+47Dx3DlgRXCUUWc8xH9NwXF1kSQH5u4Uy42
GFxmef5RaAbZ+xYPp3HoQOnt0LPJt4w9AQPzotEUXtqB0foCzoCyI74sxZoMocuFZPt+n0cTbzKK
4HvEBOHFt0QYx+FoGjuRP/VhDDx2XV9yWQOp60SFzgmJ2XUDx7I94foT3/ImUWBNOZhNyurZVsDd
6dgPY+JIsaiXJefN+rtRqVwv4zxb71CqXa5RU1IKfj2COjnw+ZORPwaCYHHkBFOg601dYQF7KFI0
gsZzNxJ+bMBZ5ekasNJBk+1fIzJPQPMoCMKp48KzhLDgKcDC8CdwIWPXB/kitCeBBXdyHywjtW7A
TXmEiBOP4Y6EE/pTPg0s4QaRb00mrhM61gRqioh6HzhE4KllwJrwcRy7se2P/ACGw0UchoE3drkV
O/B1+NeJ4ePHfwbLNmHR8RwX/xdOBVmLiHg8nfhQOhuhxwpiPnLoSpWNyxwFYLUDnysKlcXYFLZs
G6HQ9n3Ph6DjKXdBiZgAQWsM5RtzOCjEGd/uAVnBEwwoqOhuBzyl7/rxRETwJSE0NUAqYEXIaUIw
OpoiEGADeN2RqlpblR+uZTb8jFHFy8I8i5N5jYqevm1AasLivGC9fHaWPWOXCyQmrNQfC2C8EKxa
CJZnosQFr1jIM/ooQiBYkoVpDSPGBRbQFwiGCLVIZCokeQTrIl9iZUwANmGWPBbbLMeToiSQLIAX
vWLrvC40LJbEDFl5EidyBySL9G2EdE2AfxI3LbgdlHC8TquS3eTZdxWjVIoXjH77CKeaUGhdE4b0
C39F981CZExlGgAwnGWzrAG2O8sYe/Z+IQgxVuWMfs7PAIIpzQUPkC2WVDJG6rFEVUUlBn6mopL8
iuTxbqaCHo0sCTI4HopByqnQmotdJgsCelAu6op+cTLQn6PYZbMt9VEHFqbInqPZlsTsIE3zG5Ym
JWHLdCeJXSec/Z9aFGua8wddNE2mXfnFALn0WHZS9BoGvBjl3wwSA1MIWrBmmpU0XzVeBu1jA9ln
72Ex0AjwlUcRQyar2E9sBcOv2FLwsi7kRy0YmB4IQhrMEX/UPCW2zZNrzJWf02Av9KbMsV4SdLWj
GBRihap7ALbP56LYxWO590/1MgBXoFUH5ToLL3l5xeigJPRoKCe8A7ekajeU0rRFkWd5DelhernN
ZGuPqeqO7GGbUZUCQqiMk7yBPdLYss6gQTRFAb+Q4gVN0LIiv02gYQJsAElSc7MWOeKtRugkJl2l
OaST2yypvgP7qkIuiwS1/KTKbCxmL0BDDbtxJFskGQNN6a4EtamrXCpHUWd0fI80EHxfSSHIarQc
ot671tdsmcwXMOYCFfS2aXxacYgjRVGvKjWqGEaMWQI3TZcULoxSFm+RMgguv6FSl/djQDpCOocC
KqFvYxiKhskDNanVtFm2FNhurYzy72keQHuo58fUOOxgmVRk20sx58G6AsfZhWK1JZmrmnFy+SVJ
7SaRnJcaBaO9GShAjZKVksI4AYrwSMA+k7DiQohmS6XkkFZNZsrmOQSVk5mSVtBGc4nmQKK2yyyi
ArtLF6wyxf/vKaAm6qfwX/Ai+jr8yypfSRS0+2xR0uBKBvexomgatQjRrg1WtuV4GjHpBN5Lq9D4
ld89AYbSLiRK5DFYWCP4ZAg+TNyKsJbON1coK4ukYNXOFrehEFHZUaQc19nl8S67/P7kgr05OT25
ZAfn529Oji/Y+fFb9v7s7Y/Hb7cZJrHLM8w6Zu+/P3tzzM7fnh0eX1wMN11Ajx/OaKzZcS6KJJcB
mRxxSQSikpYuWXKjdbY2eI+UIJK+RU4ZULNfuVkJ6jDPQCccNLSJ6P0zZVNKdrOgyAqekAtS0yRk
BQSut3PkKiLJPc4ohlCclwuGd2eTLuhXABDbSoSUDijOErpKrmptSwPUS6zKjlTX0rSWL+9HSVPu
asrnvAhgGYMu4ZcO6H7uSlMjdPQqplfBdy95Vsvkw8QEiVkNHXy53cSETSVs1FCF1xgJdaXoXXYm
OGRnyucrhUf2kNdp1OKSIIjcZKzDv1SAVxJ9EDqmowaZ3u21dBZ3gqRUHQWhpS0u8mUTbNVqPWNg
qqYpYaJGS/KObrB7VKqnHc0Xq6TICuxEaqgVOaqXK5VdqRSO6QcDetDI64gm6QUSd4lmQwHuEOZh
7PweBiNoI/Bhh2soWVnWghxDtYDU5k22SU6Lduuw2m4EqXIEnVQOFTY09U/5tOS3A/n6pWxwP+Qr
Gk2W9RIxVn5yC8DlJ7dIkIjT9NEthUXHV7IXzUppMXd1DMn2SmMkNxxQFlwj6HqtxI5y9WhTpyk3
Iq+n4KvJjQkpWHqiSZnMHAay6d7SdgRUZK6C9JG4B+xUgqGgrDjVJEytURR21GGZ5qd+06Z3psld
tksMTKkM0HA/DepTejjLMlGRwHZ1iEBqtshTlWIGvAoXMhOXKCNrggrpICN9m6p89FMVWgLRJpsq
vD0zpdQ8IrdarCsCvs0GtiFAKTy58aBqkNEhQHrtLo+VL7wohYwU5VTLyESfFmNQozVk3yMXhC7t
yeSOHZ6/28Za4BDAvm6SCGovcwXlPVv4Awl/l42btLvLyEvJHWPukB1EcFQLnsY7KCVVmRAJ6LDe
Cpsy6leSghmG2IU9A5hZihzfklejFJOnQ0ZIvDvPzptkuysAqZYgpOi0KS2sV9lqoO83qptTbXVl
8lG08qS0vBFjSQFPp0xI25V6GKHV8x216OWQnes1KS/mcgHXlajWBbljXPA5kQCZgG3lKpUZC5WX
SyBPxs4LktNhmmCWqpcLFFOirNjp5TuJaQmSiOygVh8tlKLstlPFxbDxNcuqHtCqXYmtWR+KTL7w
lbYeM2oMIBdCwtqQifo3jpNwyGSUWnBKAliyBG8qkh2kIb/lCDe1LXGB0K4l0gviBLyudMQI0Vy6
81KJVKUSmFtpHSVKhOoPaFenq6mjM5kkHZ1cHLxCfiTzqTqTOkQOuyZPKd8GqyQhIWXUH1mMzHqj
o7Oz9UgE9Xy3Kdr+Rh/rgyRUyrqAu5LPmS7RS9VUIGvOylwFb20RNgFTWCtoh4scRTxZYVOriaYa
l16c2tms5NdNtMAlnROhZ7LVbZTxQIyut1XSpnsyv+dJphoCklPfsV+C/JYsv2AnR+zFL+9Ojl5C
7jB74ID5NxAbCSZBuIdxUA1XRJo/Kv2ANeSd7DJY+y+v3jTwdX1njHwnN6P3kjJxkOLVqYikLW86
RDqM3gK/AR382MvjWG6LZ0m8HtzWSdQJRPJz0G/OXMruijI19dlQxQP1EzUlrbrUXZ6Qvj+m3Kxe
M1Brdpk+DkDbqBCi3aPehWIgz+ZtjZLRsnQzFG83s64TcTNoA/R9DTHF3IMlfVdGFvky3CtnApY1
rKXYTt5RtkIgfrqWwRmL38pQbSyWhGdCld6BUMACEZPtlyt+I5WCdFRBl6pFw/2gr8injVry7+zE
C/q8JeONxmK/Bkv6swXobjRp5LtIMhX6ACbTe1AHkENnyjowCZlTHMQMEanoJ2/a6CS7RVq+PAxF
KmSyrzRU7pomV9iCSl3pTFIOZsyL/KZaKFeELThbKGiGn4IBl5WKqhLZAbG9QW3QyUCRdnJUGnSR
pyXhKWhMvUluydRdoyZTUe9lTT4D3gAootJt75JQtNeU0HcC6tpVu02cGjK+qU/aKd3wRFapCBIo
4ZR2rPJVnTbmoG8ojss5Ohy4Dm0oyxsiXe5EkZQ8EkK9LhxoRDfodnUKQ/1EWTSrYZUBQPtDcvDZ
vPO8UefMyOIG9HnbjaHW4PvD+miGEath5wN17K6duYAwdxUqw9VyuRomucQYLmy9pKIPJlpR/zQs
O9Qp/OjnrHsuSZDui8/nhZjrVqHuK6r2CX1z9WqTPokffMjZ0dku+DHQzl7FfXJLN0JVFhzGeyN3
LCXiHQFybGg08xF/W87XKzo4poRzh6kQqHquNQwZDh2wkDHKiCOH1HMXZo9uG05/teCwFUEeuyAc
mnwTkSCmbzxBXPB3GQU59bSJSSoi8F7PTx+LMYJojdwaOYv0mY1r0gCllNXzZo87UlV0mWKtkmUX
GXSUJaA0n7SeAgFJkdwzbSibmXpR07gedhvoJ+YODefuNFvhglYV019KVj14IxuQFaQ2/AiczVQu
z+htWtT0jvTcti5I5ogyTRhGLhvXsltOtkfIAveQMtGMLZAay5SnDaqyr2rCpJyPvKjK/1+I4Xwo
icSNWrTNjuTnvraZqMLhSyM1SrJVXZmq8mfZiw6NSn+V3RudsQaTKqm0FjU9sIUeVN6+aOlv+MXI
2ApFYRK3gOgoQl2o90fkeJvGkApCgKcddZM9IMPkpa46n6m0ptRlrCw/VcZIsowgogIF4LV8h4Mr
FN9askxDUQQ8O2Ck6EBGDstMnAoMej9GS2XWrbLWVjOoj6+BvGygqFvKSWDbEZPSk1ygsqKgUAmN
2UQB00PUEZgfrNt3P5vv8GBspUjjoe6hUCKjKeOZAqRaT4m0j3/9ivqLwiayvRfgqVCRmMw9uRXd
znLOzHi5uEs93NmWQpoY1rxT4tl3qt/5LBB65+ilEgEt2cWWDWqHDYcagerp26r5pdLHhv3sH5AV
sRuuWW4ZaztsuaRcUEKhp8aMFw0RL9VulJxuy3SBdIpkRlMbAgkF4j2dMkQNMpRKKuHQOrKmulTd
vDJfCmXLd5miUaEl4E1eqJ1n+nPcNNyfotSBBxRH2b82uPurIUJ6z9bJj97/aROTwF6UL5Xckkpq
o1Z5qlkwS7thbKCvflVP4VW0RGS5gXXbbHNfqpyuSHV6Oq1yeFS0Nfl5IERu9rlsUlDXXqKG3AVI
NnO22XNHOmLV9aduLLkdhSe9DeQR6AYq+QqAfsXm7Ld2GGSL29/Y4G/sNzyWN3LdFRSBsK+TEBYD
5Pka4jihnpTKiGkCwM22FEB528HS635j/4vre5fS3NnWby2SKr3DlnRDBD93ml3pVTf5ACqIf6e/
OAA1lcAsSpmfO39pUOigSODweEjgskghJKH2h1vUPgVfz/6LRLUV3ZKT4BoZUTdaHixbsxewdakt
hgYhZUnSUr/FWLcGifztGiyKXmoRP4cBUSB5/hyl8fPnjpIf7WTKrxFgO36PALeNx78pfcpyA909
Jg+NGfRozUIdMofuUao9l4cLDDVcUZLPBuzFYr1CmvWS8bjSXZoEZdutQpd+5AUzArIVKdtAIatH
qZHGJhb9oRDGnN6QyuLky6nSwNdu3oXopp3eWnlZQgCAfmu4bVCly0d6WXer3+r3vL5650qiBKgo
N7wP/YUGDUGdFUjjVaVwWy6bZy/6QUa+uFBlBeV7orq3cmUKGxkxqUcnG970EYlVKnTZrXtxnM6B
q33luLoEREpQPUtVsd2Ou+z1m4NLNbiSP9DYZc5f9eHM7ZF/C3eUiW33NkqKalvWSX/VvRV1usF8
TaAEQ9xG+Ndv8Xit88EUCUW4pkMcdVjVRVMRNb3Roj0XIdN9EnDKQ3nupGz4NGjOVMDeVCPt2WuZ
58ut5PweENmJ0iMfjJGB7OgYrZZcdduk/EvdVg6v5M/iZQsVZUeQpEm1VmbS6on8GzhSVcOp9ERR
KeEPgGRbKNGBp02h0smg807Eh/J4kDwfM8uenQKfU14wZ8Ice9cd79oue3d5yBzLQRW8zKtor590
qLMqdI6G/hxQJrhn+zZVkzeLpBIDClnU66FKLEPJGrb9LR4uEqH+BpRyL6ezOLJDoX94Bdr27DH2
5Ld6QblHryilOg7ilE4xKLhqGc+SJYg2AC3zQN3OOfX4I7GH5eogTjsiAdAbVTp5oe5W1yu5Kkqo
3QltX+9B9VrVbWvUvaZLRRF9T32rpe1biah9TIn/3tHx64N3b6DxOtOWZ3X2VL6qhwrERoUBXQ3J
0QBotPc/8h9dAFLAltj12k5701lmNNayVhzJao9+bIV/Z5nccmgKyJDZ9VgOui02yQpDBKk5s7Qn
qNbd+s//BY0t+mY=
===END CRASH DUMP===
