PocketMine-MP Crash Dump Sun Apr 9 05:02:48 UTC 2023

PocketMine-MP version: 4.18.2 [Protocol 575]
Git commit: 17a1266056e3aeaaf5e28db100137f05545ca549
PHP version: 8.0.28
OS: Linux, linux

THIS CRASH WAS CAUSED BY A PLUGIN

Error: A void function must not return a value
File: plugins/menu shiro/src/ItzAngelzzYT/menu/Loader
Line: 40
Type: E_COMPILE_ERROR
Backtrace:

Code:
[31]             $this->getServer()->getCommandMap()->register(Settings::getInstance()->getCommandName(), $command);
[32] 			if(!$sender instanceof Player){
[33]                  $this->openWarp($sender);
[34]                  PluginUtils::PlaySound($sender, "bubble.downinside", 1, 1);
[35]             }else{
[36]                  $this->openWarp($sender);
[37]                  PluginUtils::PlaySound($sender, "bubble.downinside", 1, 1);
[38]             }
[39]         }
[40] 		return true;
[41] 	}
[42] }

Loaded plugins:
Accesorios 1.0.0 by fernanACM for API(s) 4.0.0
AdvancedFurnace 1.0.0 by Refaltor for API(s) 4.0.0
AntiDupeTiles 1.0.0-ACM by fernanACM for API(s) 4.0.0
AntiFrameEdit 5.0 by JonyGamesYT9 for API(s) 4.0.0
AntiToolbox 1.0.0 by Lunarelly for API(s) 4.0.0
AntiVoid 1.2.0 by FiberglassCivic for API(s) 4.0.0
Apuestas 0.1.0 by SVega for API(s) 3.2.0, 4.0.0
AutoPickup 1.0.6 by tobias14 for API(s) 4.0.0
BCrates 1 by kk for API(s) 4.0.0
BankNotes 2.0.3 by AndreasHGK for API(s) 4.0.0
BetterItemID 1.1 by fernanACM for API(s) 4.0.0
BienvenueCMD 1.0.1 by  for API(s) 4.0.0
Boss 1 by phuongaz for API(s) 4.0.0
BroadcastACM 1.0.0 by fernanACM for API(s) 4.0.0
CPScounter 0.0.1 by  for API(s) 4.5.2
CapesLocker 1.2.0 by Verre2OuiSki for API(s) 4.0.0
ChatCooldown 1.0.2 by Sergittos (@Sergittos) for API(s) 4.0.0
ChristmasACM 1.0.0-ACM by fernanACM for API(s) 4.0.0
CustomKB-by-SVega 0.1.0 by SVega for API(s) 3.2.0, 4.0.0
DEVirion 1.2.8 by poggit, SOFe for API(s) 4.0.0
DevTools 1.15.0 by PocketMine Team for API(s) 4.0.0
DeviceACM 2.0.0 by fernanACM for API(s) 4.0.0
DinoUI 2.0.0-REMAKE by AlvinMask, Angga7Togk, dhnz, Fred, KyzYT for API(s) 4.0.0
EasyEdit 2.1.1 by platz1de for API(s) 4.0.0
EcoAPIScore 1.1.0 by Ifera for API(s) 4.0.0
EconomyAPI 5.7.3-PM4 by onebone for API(s) 4.0.0
EnderChest 1.2.0 by fernanACM for API(s) 4.0.0
FFA 1.0.3 by Laith98Dev for API(s) 4.0.0
Fireworks 0.0.4.1 by  for API(s) 4.0.0
FormAPI 1.4.0 by jojoe77777 for API(s) 4.0.0
JobUI 2.3.7 by hamid0740 for API(s) 4.0.0
LoadAllWorlds 1.1.3 by  for API(s) 4.0.0
MCPEToDiscord 2.2.1-Beta2 by JaxkDev for API(s) 4.0.0
MOTDShuffle 1.3.0 by HBIDamian for API(s) 4.0.0
MaxEnchants 1.2.4 by Xenophilicy for API(s) 4.0.0
Menu 1 by ItzAngelZzYT for API(s) 4.0.0
MultiWorld 1.7.0 by CzechPMDevs, VixikCZ, fuyutsuki, kaliiks for API(s) 4.0.0
Partner-Packages 1.0.0 by LegasyDevs for API(s) 4.0.0
PreciseCpsCounter 0.0.1 by luca28pet for API(s) 4.0.0
PurePerms 2.0.0-ACM by fernanACM, 64FF00 for API(s) 4.0.0
PurePermsScore 1.1.0 by Ifera for API(s) 4.0.0
RenameItems 3.0 by Wertzui123 for API(s) 4.0.0
Restart 1.0.0 by qXoap for API(s) 4.0.0
Rewards 5.0 by Wertzui123 for API(s) 4.0.0
SacPl 1.0.0 by Zeyroz for API(s) 4.0.0
ScoreHud 7.0.1 by Ifera for API(s) 4.0.0
SellAll 1.3.0-PM4 by AndreasHGK for API(s) 4.0.0
SimpleNPC 4.0.1 by brokiem for API(s) 4.0.0
SimpleNPCParticles 2.0.0 by ItzAngelZzYT for API(s) 4.0.0
SimplePets 1.0.0-ACM by RemakeItzAngel for API(s) 4.0.0
SizeUI 1.0 by fernanACM for API(s) 4.0.0
SocialSpy 2.0.0 by superbobby2000 for API(s) 4.0.0
StaffMode 1.0.0 by  for API(s) 4.0.0
Sudo 1.2 by ErikX for API(s) 4.0.0
TPAll-PM4 1.3 by fernanACM, matymare for API(s) 4.0.0
TopMoneyNPC 1 by RhaxDev for API(s) 4.8.1
VegaReload 1.0.0 by SVega9848 for API(s) 4.0.0
Wilderness 2.1.2 by  for API(s) 4.0.0
WordScrambler 1.0.0 by  for API(s) 4.0.0
WorldProtect 2.3.14 by aliuly for API(s) 4.0.0
cratemoney 0.0.1 by  for API(s) 4.0.0
menu 1.0.0 by ItzAngel for API(s) 4.0.0
minereset38 0.0.3 by  for API(s) 4.3.1
warpJoin 1.0.0 by ItzAngelZzYT for API(s) 4.0.0

uname -a: Linux 59c83464-3940-448a-981f-28afc32b2c4e 5.10.0-11-amd64 #1 SMP Debian 5.10.92-1 (2022-01-18) x86_64
Zend version: 4.0.28
Composer libraries: 
- adhocore/json-comment 1.2.1@651023f9fe52e9efa2198cbaf6e481d1968e2377
- brick/math 0.10.2@459f2781e1a08d52ee56b0b1444086e038561e3f
- daverandom/callback-validator unknown@unknown
- fgrosse/phpasn1 v2.5.0@42060ed45344789fb9f21f9f1864fc47b9e3507b
- netresearch/jsonmapper v4.1.0@cfa81ea1d35294d64adb9c68aa4cb9e92400e53f
- pocketmine/bedrock-block-upgrade-schema 1.1.1@e0540343e649a92126a1d4071ec401a811416c76
- pocketmine/bedrock-data 2.1.1+bedrock-1.19.70@cba0567bcb25f987f2712092f8d662056719e82d
- pocketmine/bedrock-item-upgrade-schema 1.1.0@aab89a1f121a0c127557a4a0cf981330301c9c45
- pocketmine/bedrock-protocol 20.1.1+bedrock-1.19.70@455dbad93d29b4489b60910a41e38b8007b26563
- pocketmine/binaryutils 0.2.4@5ac7eea91afbad8dc498f5ce34ce6297d5e6ea9a
- pocketmine/callback-validator 1.0.3@64787469766bcaa7e5885242e85c23c25e8c55a2
- pocketmine/classloader 0.2.0@49ea303993efdfb39cd302e2156d50aa78209e78
- pocketmine/color 0.3.0@8cb346d0a21ad3287cc8d7175e4b643416607249
- pocketmine/errorhandler 0.6.0@dae214a04348b911e8219ebf125ff1c5589cc878
- pocketmine/locale-data 2.19.5@71af5f9bd23b4e4bad8920dac7f4fe08e5205f7d
- pocketmine/log 0.4.0@e6c912c0f9055c81d23108ec2d179b96f404c043
- pocketmine/log-pthreads 0.4.0@61f709e8cf36bcc24e4efe02acded680a1ce23cd
- pocketmine/math 0.4.3@47a243d320b01c8099d65309967934c188111549
- pocketmine/nbt 0.3.3@f4321be50df1a18b9f4e94d428a2e68a6e2ac2b4
- pocketmine/pocketmine-mp 4.18.2@17a1266056e3aeaaf5e28db100137f05545ca549
- pocketmine/raklib 0.14.6@aeca667d5ecc4cc18fded612f29e3511bbf62f42
- pocketmine/raklib-ipc 0.1.1@922a6444b0c6c7daaa5aa5a832107e1ec4738aed
- pocketmine/snooze 0.3.1@0ac8fc2a781c419a1f64ebca4d5835028f59e29b
- ramsey/collection 1.3.0@ad7475d1c9e70b190ecffc58f2d989416af339b4
- ramsey/uuid 4.7.3@433b2014e3979047db08a17a205f410ba3869cf2
- rhumsaa/uuid unknown@unknown
- symfony/filesystem v5.4.21@e75960b1bbfd2b8c9e483e0d74811d555ca3de9f
- symfony/polyfill-ctype v1.27.0@5bbc823adecdae860bb64756d639ecfec17b050a
- symfony/polyfill-mbstring v1.27.0@8ad114f6b39e2c98a8b0e3bd907732c207c2b534
- symfony/polyfill-php80 v1.27.0@7a6ff3f1959bb01aefccb463a0f2cd3d3d2fd936
- symfony/polyfill-php81 v1.27.0@707403074c8ea6e2edaf8794b0157a0bfa52157a
- webmozart/assert 1.11.0@11cb2199493b2f8a3b53e7f19068fc6aac760991
- webmozart/path-util 2.3.0@d939f7edc24c9a1bb9c0dee5cb05d8e859490725

----------------------REPORT THE DATA BELOW THIS LINE-----------------------

===BEGIN CRASH DUMP===
eNrNPYly3MaxvzKhVGXphVji2gNMKUWKpGLaorlPpCzHWZc8AAa7MHEZB8lVKv/+unsGwGBJSaS0
dp7tRMBgpqfvC7PQv3eivEx5/f5alFWcZzv77u5OHadiZ9+azCzTmowns5FnTR3P2d1pCvnIHDmz
ycS2vLFtwvOZO53u7iS8qk/KMi939v/1y+6OkJf/3qnXBSzZOXl/dH42P3198v7kzZvzNzu7O6mo
Kr7EZ4fsOo9DFjVZUAMSLG2qmmV5zUpRN2XGOLvmSSNgTRQnuKBImmWcVXupyBpWreIy36vKYO+0
/nCYLUXy4cM/L+nZ3uuch6KEhUmcwULX/M+uWvw+zq7z5FrAtBoghnEpgnqnfQojcB3koUASHAvu
mfbP03oVV8bfl6K+ECWw7tlzujnK05Rn4RkvcKAUy7iq4eGFqOs4W1b7+zDnNKtqngViuOQHnsLI
LnsayPvnf4PtHRu2XdT4bxw9+8vTSmRADIsVhDxi84SvRfn83zjZ2cBRRzQvRPaOl8UzBUOCd+9b
MSf639ZxAvgi/Iu8ycJ24S5b7PiN7ydiFOY3GaASh2Kxs8ss+E9CHW9A/Y9IKkEYTh6N4fQPwXC2
iSEOetogDrimYr7SwbpsBK52LRqnKSif/+yAStUlD4TUe6WaqDaHQSCqvIxzust4SrreD+7udFa3
Y43MkQkjvKlXeQkL/rUTiTLj2eHR2Q6A5UWMYy5NQ/PKOJAY7uxHHNi7uxMKYGBYSRyqPKqP9YGU
k0p3EBeLHo3FojcSuIBp8/OLy3fnb14fw9CN8Ku4RsSRzsPwGjUvfAUcIYp7sjaefIa2NwLwrsFB
bIu0FuBicQTOI08VHovFGT5/CGlZHR83hbgEDzOQ12D8DlkGyudPFJvC5qEUvSqBipMwrjco6sd1
isabYvouz9b/gJnVPy+9rZGjA5UUddhs3D6Uyss8T/z8doPGdvQzqvi6yXgpkmS9NQKTFuJiwQGP
WuIhaVNISR/2OfpWdV1U+3t7y7heNf4IYsNej62i/UeInBuE09CQanuT6lexL8olxOzqKL6Og63R
/rIUvF5d8isIeMn6ZQzYriXliFV/9QWk3wd6r4OH7CgaAaFxYL3tkM4Oc2RtsuPiR7HkGhMcxbGv
Y0a7+yO8UFPn8zi4agqdiH5wU5cnQzLq3I95ZblbE2cLEDQZkCgICRCijtBjxXhJIA3bNCd7GiAg
/uVRyeuB821HBmQPSb662hqxvzW/Z4uFD9maKAPaeLF4SXcdGp8V4EueXf2Qb1DRjel0gIKNnCEt
h1kIOl59+4/vH0fTzkmQZ3m6Ppyf7nxKHTvwQFeLk3b5IPqIH6e1SE+PdRL14aGSWn9ieNTRWCw6
dB6roj2OSHEssmuoJcTR2YBifXjTLIc0b4vQHzi40gu+ficSwPIRuc3LvBroI95+wqSKVZNnS/5h
axJqAYJxwdYgJonA5/EuYUYAdSWKQsNfH/5vJtE6Itrd12rc0fwigJIGNFkjWhscxrJPadt4ZH8x
nf2GoHSFuAIAr8p8+XCtO+KFqF7nwdWQDm30MznKj6IshX3exBdX8dbEpwOFYqHHZnDzBSIcYIvk
rzhU93mCVahOvz68qbz2RlYCKVpc13nFnh1018+3xoqqBblYBIBVoLACRgxxfCwnOlQlG8q4qlNe
DW14MPzHVVWQ55biJi+vqp2HmXSH12PKYllyfv/S8NeGzCQ1Qu88+6+koi0aQGFePiJ0HJ/8GJeE
a0dRN7RpvrONMJIvl1TDXZy/EtuLJQR1sbgmHBaLULRXGl6KrIvLwzeXb+d3iRLXWIfpMbEb2khe
7pTEc/QP9VmcCXYpeLo1uloEgI4elU/QcY/d9ajtdTAktXEghubXj22mpH9m/OywgMsfvzZqHsdZ
/vZUp1EO3CHQeHNydvj9yUbqnVzH2RmvrnawrF4u+fQyX+JNuMo+wB+vSoE16/frD/+83Boruk3b
rhWEjuzhtnnCq/VGb6cbGlJ9JwsvEl5/sMItmqUCuFi0KPRXD6IlyKF6gYyj1LuK+uiGYW4q6iko
A39kcCDA3zYo2IdVULQJENaj9Qhp9TsMCGwHh4246cgx5mfukMY8Ez78b2tCU/AWCyHRAKBEXI/S
56nCnvvRSlQDLewHP5Pi/aHupUdDXX+ti3n16lCjEu82M5eNgv41B0jeDPzc1ujrQS4WgMHD9O++
RmKPGlLWpUkafd3YZsHh/kEF7ssEIti3eRl/yDMIhB0Cj8nFXuVlOrSxdmQoK3dTFX/Lf8vFFP/Z
XkOpAwnESCy6i4fQ8l3uDyKavB+6dmc0HdKx4mkcmlPX/EN6SB30xYKw+WL96wDtSaqAXBTyYZK8
y8sk1BVxOL4ZB5w/RBWv8izOllgSLRZIGk+SG9r/4Q7/7Gh+cpkfxxXECb1FPxwfShNCtfFS1Hyj
EPyO315t04l8xwPIOQaIPIKu88vji1UTRYkeqvXRoYicTUv79uXpMUifZ1ujp4MIVPR4bJL0sXLg
jN+eZFABZ7WudfroZhTbiMs/iSwvVnESB9t7iaTBRDo6XAY3DxKXyBqdLLz9RPOvPUPx8zYT3bj+
8Aj9apI6JmPX0e4Hh8KYbmrX0QcRrOZnYC7Inh/j2/jq6Gc8OtKsm7pqrmK4vuJJHMuewFboC3DP
IoVaFOSTIqrkLIBmHe3HukiNkj0NELBozss6E6UxBzvmy8HLhjuPPvf6UywhTSdubYsb/yiFuPr2
6NViQVcPkfm8FEFciaOiOrrT+bz77NMN0J2kCbg9K0S9xTe6CuJicQebhyv2vCnFXJTpQFzd2N06
9RNNsN2difvqlWlujcL3Eh7Q1yKkXX5t3twB2qzvNh78sSVeT87nK7whYg8X8RuBlOGLJ13I+qhO
453I+E6U9YcmtmznKwXbJb09ZT3sxUJD6IsTuB7enk4fMaGqwQsNGCBHPuOLfv8p58XWVJqgPUZ0
N7wMh2KTI588IrM1kX1MUoTDdqREoPaQ2AsezBONVHn/GfH8LNZlvr23gh8I3GKRXT9cSJ05a6j3
Ft5jP70bFb7Ae3zeT7Sb91cPokIkCRQ0OhFq5E7mfLcJ9KWHBB54MEBh0l08iJ44LRLxw/xIp6gb
02ly78rFL/OrWGyvka7gLRZVVgRAhobHY41HgdrrYejEYqYVB8PTgvc8/EyD/cvzbY3Fn2DH7e83
9S2+HrlIeFGIskPsR/sRZkc7zUV9l1YafMALvDci5VeipfYPkDZhAyla1cpcYfZ1QicgxIEPYtCL
UQMblP+J3U2JgPzzaxO0izyIeXJRrHUCu7HPaHDVgFr5ue+vbXOLGWm3P8h2sMMj1LbmUXSmDvG3
ZHVjn452W8tCbikL0bf9PN5NmOso4+1GC2IogpMyvvppa5wnaMj1MH84ry/nECwoWvWI92Mbce3j
ZU3K63XKy+2942gBLhZ1wTGuPZigvDjLM7EehjV99BNdlDcrfrvZsJtB5Pvi4+0A72fq+cPGgMPD
ycDTBG+EnNZRoQ1+Juej0wjezJ1tz65biItFj8ZDO/ytI7u5uRmt86ZufEHe7OA7vq6Ez00XaX4X
JwArE4NTb9rg5stR+w+x/LT5vcLXoDfdxo95j/EuL8OLoOQpbKx3Q4bjf44PO0lEUJfgDAabb9w+
kKgknJd5jb+1GtDUD2++3rA28l+exM0WD+tLcCAlxKGQODykcXxPSD1r4jKKRRLuFXQSI40zYbQ/
VatLIfZSjj8I2xvQC2yhw8YpuhWNKdrgww/8fVUTUx15fqhnSYeN5fROY/njye5/p7GM8ihFJWr8
BViPtza6yeiPv1tyvsKZ4w8Y4FFTXom1A25Qw+DhxEAtX3yXx/rBrG7ogVLYaosff7z3UOzxR5gc
f+QDxkAYjbSzS8bZfFSsOPoTw8hy4yb+wOk9mWGEcYWYGTyr6ECouK1FhnSSnz+i3uLODM9RoihD
Xg/uk9i/TRN9BH90WFWDoSIYAql+TwBrRx/6AID0ez+AHGOljwQ8Af4ACfrYqsmuGvzRok3K5YzG
OFquizpXAxiGAvVz2X5dUw4QDPMUHaNpOpZle+onsXEW5fokGKMeujZSF/rtMhzcpYOHK14NyMGf
m4YoA23st4q0q2euuAbH5ytKTMnuUESJFIKJbzYxvfOrugT115emeVl3hyGRB+kauJ7hduqKdXMv
5q+H0srqAXdoQayPzI/PByvC/D1N2hyUgh6sXA0lWORVfDvgC+lsNZhTr0rB0TTAnCTJpQARopIu
G8nD9sznG+COoB88D4Cu0nwgDVmH/nQ2IDxe+vT7J2oi2zJG1vmVyKAYHCC9ofFwi/jdmXNTxhsK
c3ur1MBUp8fWnEDhO2p0ix/iQnbpPVLkn0Hh2fk84MFKYyIY+m9x/T6lEswE9qwKpaqodQLcHte7
YAMngJbFK/Febx5ZM1IQv4nx5aBtOR6wonofQqbdOisM4XmQA9jxdAyb4PG4HWvKLXsyMccT4XDB
eTQW9iz0LdO0nGlkjsfuOOBjF82paQ8dxFlzy8ZeMHPciWs4nmsarjvjhjezIsOe8ShwbN8OXMHG
IwtbHpZl8DScuOyJxS7O5uxY+DHP5FPPNiz2zDZt2zAtw5o9Z7ezyfsJig14MvAugjTf7TRqVbzH
HxBLhNBp4U2ibiDtALUU5XuwtpKXsWxG8XCVYztyD63UwJ+Uyx+546tr62AytkzbibxIjG3hiYjb
ljcLfB5NhDuzQsubzITtTPFYiV/GwdWecm8mEmIfuGMvsqczS1jcnIUAQownvulbruuas4kwndl4
YgknIg8MwgPfAbkRuMTE58GVcQ0JF3hm/DYA8Poqy2+yA/UnuqllmVeV2AOqeZXhT62v7dF4ZB64
tjkxReiOHdedzrzIByQsoMGaTdwocKe+J5yxOfUBRiZqjKa8DFbEgJT6XgjKRcs7CCIO2HMrdMa2
54LAeOh7wWTGuRsAGM92TVOMiYA+j9vzRVjCneHjGSWjKZYlmJFRgbqnXL2usg6EOXZNx3XExPW4
Z4POwTauObVE4JoWbGu51iSYTu4HDWzh7XHNv7aDZGFTwBqKm/Fk6ge+PY682RRkYNmmZ0ezcDLB
zzBMLU/M7PB+0GDd6f1Imwec+zOPW5Flg0QDy56Ox1PuwiVsYzmO6ZhW4AXu+H7Ivb1BULoXc3c8
Dn0eek5oez6YkOdPTM8yuQtaMvNnJkjNnownzgZ88m8UMFX8cA/GPJgKwT2LRwBwFgauN4vGgXDc
QExsbxqOxQQe8yGke1WPDusdTECXpu7Em04mfsD5VIxns7Ht2mI2DmwnsMdiFozHdBpHB4g/m01y
5UYRNSDSExxY5XmOiMLId7wgdExb2NZ4Eo5NAD0DYYnpbANSnuRlGzMPwAjB14QmGCQPHXs2DYJZ
OLWmY+H6E9cB1ZmYU5u8lAaDPrSxAitLFDoTABVy2BpkCKtmvmdZoBmgHj7IeBxFFtA08wD4Jjqg
2pC5aHoIvv1gCtwGjfND2/FdwAQY79lmCKKI3EiYM4EfAYmm4SaoJSEDfuxATALPsgMz8sDTBuBi
bMeCdYEdWlPP9yaRa7oBoHoHgqGFUwlqYkVT4OMsiByQWGADQgKQsHkQinAyM7kVgO8KNpDpHBjk
7QfulNuuA/w1fVDsmel54WTswB+TqQeKZM3ASq3xJpczv1Zycg4i17EtX4zNMLK4BfyNXAGOxIWg
YAvwIxMB+Ni+O4Sg1YSUbslodvCI0KQBK/mVzELB5NzR5ICLgE8maABB4AZARIT8sOzIRr9oWb4f
TezIte+DYsRF0Mb5A8+2+QRcuW8G4KhCzvkY/5sBxeZUoB+bOjMuNhhcZXn+QSgGWQcmD2ZRYIPS
W4FroW+ZuAIMzA3HM/DSNhitJ8AZYHbE00qs0RD6XIhefB3wcOpOxyH4HjGF8OKZIoiiYDyL7NCb
eWAMPHIcj7isgDRNLEPnFMXsOL5tWq5wvKlnutPQN2ccmI3K6lqmz53ZxAsi5Ei5atKK83b93ahU
rdMoz9Z7mGpXayjhMQW/HoM62eDzp2NvAggCi0PbnwG67swRJmAPihSOQeO5Ewov0uAUebIGWInR
ZvvXEJmnQPPY94OZ7YBnCcCCZwAWDH8KLmTieEC+CKypb4I7uQ+Wllq34GY8hIgTTcAdCTvwZnzm
m8LxQ8+cTh07sM0pqClE1PvAQQSemRqsKZ9EkRNZ3tjzwXC4iILAdycONyMbfB38a0fg4ycfg2Xp
sPDcpwP/F8wEWosIeTSbeqB0FoQe04/42MYrWTamORSA9R74XFHKLMbCsGVZEAotz3M9EHQ04w5Q
IqaAoDkB5ZtwcFAQZzxrAKQAT2BgUFHNJfCUnuNFUxGCLwlAU31IBcwQcpoAGB3OIBDABuB1x7Jq
7VR+tKZs+AnDipcFeRbFy6bk9PkiVBMW5SUb5LOL7Am7XEFiwir1PSDGS8HqlWB5Jiq44DULeIbf
PfIFi7MgacCI4QIW4EeGRhBqIZGpIclDWBd5CisjBLAJs+KR2GU5PCkrBMl88KJXbJ03pYLF4ohB
Vh5HMe0AySJ+/ihZI+AfxE0Hbg9KON4kdcVu8uybmmEqxUuGHwMApxpjaF0jhvgRH0n3zUpkTGYa
AGC0yBZZC2x/kTH25N1KIGKszhl+sYcBCCY1F3gA2WKFJWMoHxOqMiox4GciauJXSL8bYjLo4UiK
kIHjgTASjoXWUuwzKgjwQbVqavwpo6G+OLXPFjvyu00sSCB7Dhc7hNlhkuQ3LIkrxJapxh27jjn7
30aUa5zzO160Pb19+igQLT2hlolawwAvhvk3A4kBUxCav2aKlThfdliM7rGG7JN3YDGgEcBXHoYM
MlnJfmQrMPyKpYJXTUnfrWLAdF8g0sAc8XvDE2TbMr6GufTFLPZMbcps8zlClzsKoxQFVN0GsH25
FOU+PKa9f2hSH7gCWnVYrbPgkldXDE/ggx6NaMJb4BapdkspTluVeZY3ID2YXu0y6qQyWd2hPewy
rFKAECzjiDdgjziWNhloEE6RwC9IvEATaFmZ38agYQLYACSR5mYdcshbhdBphLqKc1And1lcfwPs
q0taFgrssJLKbCxmz4CGBuzGJrYQGYaidJ9AbeoqJ+UomwzPhaMGAt8LEgJVo9UI6r1rdc3SeLkC
Yy6hgt7VjU8pDnKkLJuilqOSYciYFHBTdJFwwSipeAulQXD6TFpT3Y8B6gjqHBRQMX7+SlM0mGzI
SZ2mLbJUwHZraZT/SHIftAebe0yOgx2kcY22nYol99c1cJxdSFabxFzZjKPllyi1m5g4TxoFRntj
SECtklVEYRQDiuCRAPuMYEWlEO2WUslBWg2aKVvmIKgczRS1AjdaEpoGobbPTKQCdicXLDPF//cU
YLf0U/iveBl+Hf5VnReEgnKfHUoKXMXAfRQYTcMOIdy1xcoybVchRk7gHVmFwq/6ZgsYkl0QSugx
WNBA8Mkg+DBxK4KGnG8uUZYWicGqmy1uAyHCqqdIOq7zy5N9dvnt6QV7fXp2eskO5/PXpycXbH7y
hr07f/P9yZtdBpPY5TnMOmHvvj1/fcLmb86PTi4uRpsuYMAPezxR7JiLMs4pIKMjrpBAqKTJJRM3
OmdrAe8hJQjJt9AUA9+tSDdLoI7yDOgEBw3ahPR+TNmkkt2sMLICT9AFyWkEWQIB19s7chmRaI9z
jCEY52nB6O5s1AXV6wexFSLAdEByFtGVcpVrOxpAvURR9aQ6pqK1en4/SopyR1G+5KUPlmH0CT85
oPu5S6aG6KhVTK0C353yrKHkQ8cEErMGdPD5bhsTNpWwVUMZXiNIqGtJb9qb4IidS58vFR6yh7xJ
wg6XGILITcZ6/CsJuCD0gdAJHlHJ1G6vyFncCZKkOhJCR1tU5mkbbOVqNcPQVVOXMFKjJHlHN9g9
KjXQjvajlCSyEnZCNVSKHDZpIbMrmcIx9cDAB628jnGSWkC4E5otBXAHYR6Mnd/DYAjaEPhgh2tQ
sqpqBDqGegVSW7bZJjot3K3HarcVpMwRVFI5ktjg1I/yKeW3Br1+qVrcj3iBo3HapBBj6auaAJy+
qomChDiN39WUWPR8RXtRrCSLuatjkGwXCiPa0MAsuIGg63YSO87lo02dxtwIvZ6ELye3JiRhqYk6
ZZQ5GNR072g7BlQoV4H0EbkH2MkEQ0IpONYkTK6RFPbUwTLFT/WmTe2Mk/tsFxmYYBmg4H4a1Kf0
cJFlokaB7asQAanZKk9kiunzOlhRJk4oQ9YEKqSCDPk2WfmopzK0+KJLNmV4e6JLqX2EbrVc1wh8
lxmWJkASHm1s1C0yKgSQ1+7zWHrhhSlkKCnHWoYSfVwMgwqtEfsWckHQpReU3LGj+dtdWAs4+GBf
N3EIak+5gvSeHXyD4O+zSZt29xl5RdzR5o7YYQiOasWTaA9KSVkmhAJ0WG0FmzLsV6KCaYbYhz0N
mF6KnNyiV8MUkycjhki8nWfzNtnuC0CsJRApPF+OC5siKwx1v1HdnCmrq+IPopMnpuWtGCsMeCpl
grRdqocWWl3Plouej9hcrUl4uaQFXFWiShdox6jkSyQBZAJsq4qEMhYsL1NAHo2dlyinoySGWbJe
LqGYElXNzi7fEqYVkIRk+438LjGJst9OFhej1tekdWPgqn3CVq8PRUYvfMnWI4aNAciFIGFtyYT6
N4riYMQoSq04JgEsToE3NcoOpEGfawY3tUu4gNCuCekVcgK8LjliCNGc3HklRSpTCZhbKx1FSoTs
DyhXp6qp43NKko5PLw5fQn5E+VSTkQ6hw27QU9LbYJkkxKiM6jvKoV5v9HT2th4Kv1nut0Xb3/F7
vCAJmbKuwF3Rc6ZK9Eo2FdCasyqXwVtZhIXAJNYS2tEqhyIerbCt1URbjZMXx3Y2q/h1Gy3gEo/l
4DNqdWtlPCCG17syaVM9md/yOJMNAeLUN+wnP79Fyy/Z6TF79tPb0+PnIHcwe8AB5t+A2FAwMYR7
MA6s4cpQ8UemH2ANeS+7DKz9p5evW/iqvtNGvqHN8L0kJQ4kXpWKEG152yFSYfQW8DPwvMeLPIpo
W3gWR2vjtonDXiDET2PYnLmk7oo0NfllcMkD+dtnKa2mUl2eAD/IKd2sWmPINftMHQfAbWQIUe5R
7YIxkGfLrkbJcFmyGYp321nXsbgxugB9X0NMMvcwxZ/kUZFP4V46E2BZy1qM7egdqRUC4sdrCs6w
+A2Fam0xEZ4JWXr7QgLzRYS2XxX8hpQCdVRCJ9XC4WHQl+TjRh35d3biJX7BmvFWY2G/Fkv8swPo
bDRp6F0kmgp+45qpPbADyEFnqsbXCVliHIQZIpTRj2666ETdIiVfHgQiEZTsSw2lXZP4CrbAUpec
ScKBGcsyv6lX0hXBFpytJDTNT4EBV7WMqoSsgWxvUTN6GUjSTo8rjS70tCg8CY3JN8kdmapr1GYq
8r2szmeAZwCKUOl2d3EgumtM6HsB9e2q/TZOjRjf1CfllG54TFUqBAko4aR2FHnRJK05qBuM4zRH
hQPHxg2pvEHSaSeMpOiRINSrwgFHVINuX6Uw2E+kolkOywwAtD9AB58te88b9s4MLc7AL9hvDHUG
PxxWRzO0WA12bshTjt3MFQhzX6IyKtK0GMU5YQwubJ1i0QcmWmP/NKh61DH8qOesf04kkPviy2Up
lqpVqPqKsn2Cn1W/2qSP8AMfcn58vg/8MJSzl3Ef3dKNkJUFB+O9oR0rQrwngMZGWjMf4m/H+abA
g2NSOHeYCgKVz5WGQYaDBywoRmlx5Ah77kLv0e2C0y9WHGxFoMcuEYc234RIEOHHA0Fc4O8yDHLy
aRuTZETgg56fOhajBdEGcmvIWchntq5JASQpy+ftHnekKunSxVrHaR8ZVJRFoDgftR4DAUoR3TNu
SM1MtahtXI/6DdQTfYeWc3eareCCipqpvwxB9uC1bIAqSGX4IXA2k7k8w7dpYds7UnO7uiBeQpRp
wzDkslFD3XK0PUQWcA8wE83YClJjSnm6oEp9VR0m5nzoRWX+/0yMliMiEm7kol12TN+R3GWiDkbP
tdQozoqm1lXlY9mLCo1Sf6Xda52xFpM6rpUWtT2wlRqU3r7s6G/5xdDYSklhHHWA8ChCU8r3R+h4
28aQDEIATznqNnuADJNXqup8ItOaSpWxVH7KjBFlGYKISigAr+kdDlxB8a0kyxQUScCTQ4aKDsjQ
MGXiWGDg+zFcSlm3zFo7zcA+vgLyvIUibzEnAdsOGUmPuIBlRYmhEjRmEwWYHkAdAfP9dffuZ/Md
HhhbJZJopHoomMgoyngmAcnWU0z28a9foP7CsAnZ3jPgqZCRGM09vhX9zjRnob1c3Mce7mJHIo0M
a98p8ewb2e984gu1c/hcigCX7MOWLWpHLYdagarpu7L5JdPHlv3snyArZDe4ZtoyUnbYcUm6oBhD
TwMznrVEPJe7YXK6S+kC6hTKDKe2BCIKyHs8ZQg1yIiUlODgOrSmppLdvCpPhbTlu0xRqOAS4E1e
yp0X6m/cwOHhFKkO3Mc4yv61wd1fNBHie7Zefvj+T5kYAXtWPZdyi2vSRqXyWLPALOWGYQN19Yt8
Cl5FSYTKDVi3yzb3xcrpClVnoNMyh4eKtkE/Dwihm31KTQrs2hNqkLsAku2cXfbUJkcsu/7YjUW3
I/HEt4E8BLoBlbwAQL/A5uzXbhjIFre/MuPv7Fd4TDe07goUAbFv4gAsBpDnaxDHKfakZEaMEwDc
YkcCpNsellr3K/srXN+7FOcudn7tkJTpHWyJN0jwU7vdFV91ow/Agvg3/LuBoKYSMAtT5qf2X1oU
eigEHDweJHBZKBEiqMPhDrVPwVez/0KodqLD37L2MsJuNB0sW7NnYOukLZoGQcoSJ5V6i7HuDBLy
t2tgUfhcifgpGBAGkqdPoTR++tSW8sOddPm1AuzG7xHgrvb4V6lPWa6h+4LRoTGNHqVZUIcsQfcw
1V7S4QJNDQtM8pnBnq3WBaRZzxmPatWliaFsu5Xo4o/swIwA2RqVzZDIqlFspLGpiX9IhGHOYEhm
cfRyqtLwtdp3Iappp7aWXhYRAEC/ttzWqFLlI76su1Vv9QdeX75zRVECqDDXvA/+nUUtQb0VkPHK
Urgrl/WzF8MgQy8uZFmB+Z6o761cmcSGIib26KjhjR/7KRKhym7Vi+N4DlzuS+PyEiBiguqasort
d9xnr14fXsrBgn5ess/sv6nDmbtj7xbcUSZ2ndswLutdqpP+pnor8nSD/ppACga5DeFfvcXjjcoH
E0gogjUe4miCuinbiqjtjZbduQhK91HACQ/o3EnV8sloz1SAvclG2pNXlOfTVjR/AIQ6UWrkvTZi
UEdHa7XksttG8q9UWzm4og9hUAsVyg4/TuJ6Lc2k0xP6S7YSWcPJ9ERSSfANQLIrlPDA06ZQ8WTQ
vBfxER0PovMxi+zJGeBzxktmT5lt7TuTfcthby+PmG3aUAWneR2+GCYd8qwKnqPBPw3MBF9YnoXV
5M0qroWBIQt7PViJZVCyBl1/iwerWMi/5Kx6keNZHOpQqN+5AW0vrAnsyW/VguoFvqIkdTSiBE8x
SLhyGc/iFIjWAKW5L2+XHHv8oXgBy+VBnG6EAOAbVTx5Ie+K64JWhTG2O0Hb1y9A9TrV7WrUF22X
CiP6C/lNra5vJcLuMSb+L45PXh2+fQ0arzJtOqvzQuaraqiE2CgxwKsROhoAGr74H/pHFYAYsAm7
QdvpxWyRaY21rBNHXLzAn4rBv4uMthzpAtJkdj2hQafDJi5gCCG1Z5ZeCKx1d/7zfyBtgdY=
===END CRASH DUMP===
